<?xml version="1.0" encoding="UTF-8"?>
<robot generator="Robot 5.0.1 (Python 3.7.2 on win32)" generated="20220809 17:42:47.025" rpa="false" schemaversion="3">
<suite id="s1" name="PDPAManagement" source="C:\Users\Nut\Desktop\PDPA\TestScript\PDPAManagement.robot">
<test id="s1-t1" name="Setting Role" line="15">
<kw name="Run Keywords" library="BuiltIn" type="SETUP">
<arg>Set Test Variable</arg>
<arg>${EXCEL_NAME}</arg>
<arg>${EXCEL_PDPA}</arg>
<arg>AND</arg>
<arg>Set Test Variable</arg>
<arg>${SHEET_NAME}</arg>
<arg>${SHEET_UI}</arg>
<doc>Executes all the given keywords in a sequence.</doc>
<kw name="Set Test Variable" library="BuiltIn">
<arg>${EXCEL_NAME}</arg>
<arg>${EXCEL_PDPA}</arg>
<doc>Makes a variable available everywhere within the scope of the current test.</doc>
<msg timestamp="20220809 17:42:48.455" level="INFO">${EXCEL_NAME} = ./TestResource/DataTest/Excel_Script/PDPA_Script.xlsx</msg>
<status status="PASS" starttime="20220809 17:42:48.448" endtime="20220809 17:42:48.455"/>
</kw>
<kw name="Set Test Variable" library="BuiltIn">
<arg>${SHEET_NAME}</arg>
<arg>${SHEET_UI}</arg>
<doc>Makes a variable available everywhere within the scope of the current test.</doc>
<msg timestamp="20220809 17:42:48.462" level="INFO">${SHEET_NAME} = UI</msg>
<status status="PASS" starttime="20220809 17:42:48.456" endtime="20220809 17:42:48.463"/>
</kw>
<status status="PASS" starttime="20220809 17:42:48.448" endtime="20220809 17:42:48.463"/>
</kw>
<kw name="PDPAManagement" library="Web_Keywords">
<arg>5</arg>
<arg>200</arg>
<arg>UI1002_000</arg>
<kw name="Read_Excel_For_Test" library="ExcelKeyword">
<var>${data_test}</var>
<arg>${EXCEL_NAME}</arg>
<arg>${SHEET_NAME}</arg>
<arg>${rowNo}</arg>
<kw name="Open Excel Document" library="ExcelLibraryV2">
<arg>${fileExcel}</arg>
<arg>Test</arg>
<arg>True</arg>
<doc>Opens xlsx document file.</doc>
<status status="PASS" starttime="20220809 17:42:48.467" endtime="20220809 17:42:48.631"/>
</kw>
<kw name="Get List Sheet Names" library="ExcelLibraryV2">
<var>${sheets}</var>
<doc>Returns a list of sheet names in the current document.</doc>
<msg timestamp="20220809 17:42:48.631" level="INFO">${sheets} = ['CollectionPointList', 'CollectionPointInfo', 'GeneralConsentList', 'GeneralConsentInfo', 'GeneralConsentSubmit', 'HealthCheckLiveness', 'UI', 'HealthCheckReadiness']</msg>
<status status="PASS" starttime="20220809 17:42:48.631" endtime="20220809 17:42:48.631"/>
</kw>
<kw name="List Should Contain Value" library="Collections">
<arg>${sheets}</arg>
<arg>${sheetName}</arg>
<doc>Fails if the ``value`` is not found from ``list``.</doc>
<status status="PASS" starttime="20220809 17:42:48.631" endtime="20220809 17:42:48.631"/>
</kw>
<kw name="Read Excel Row" library="ExcelLibraryV2">
<var>@{HEAD}</var>
<arg>row_num=1</arg>
<arg>sheet_name=${sheetName}</arg>
<doc>Returns content of a row from the current sheet of the document.</doc>
<msg timestamp="20220809 17:42:48.631" level="INFO">@{HEAD} = [  TestResult | ExpectedApi | ExpectedRespone | actualRespone | TestCaseNumber | Test Description | username | password | remenber | method | user.firstname | user.lastname | user.gender | user.birthd...</msg>
<status status="PASS" starttime="20220809 17:42:48.631" endtime="20220809 17:42:48.631"/>
</kw>
<kw name="Read Excel Row" library="ExcelLibraryV2">
<var>@{DATA}</var>
<arg>row_num=${rowNo}</arg>
<arg>sheet_name=${sheetName}</arg>
<doc>Returns content of a row from the current sheet of the document.</doc>
<msg timestamp="20220809 17:42:48.647" level="INFO">@{DATA} = [ None | None | None | None | UI1002_000 | None | sopawans@viriyah.co.th | Pass@0522 | True | add | None | None | None | None | None | None | None | None | None | None | None | None | AD001 | QA Autom...</msg>
<status status="PASS" starttime="20220809 17:42:48.631" endtime="20220809 17:42:48.647"/>
</kw>
<kw name="Log List" library="Collections">
<arg>${HEAD}</arg>
<doc>Logs the length and contents of the ``list`` using given ``level``.</doc>
<msg timestamp="20220809 17:42:48.647" level="INFO">List length is 24 and it contains following items:
0:  TestResult
1: ExpectedApi
2: ExpectedRespone
3: actualRespone
4: TestCaseNumber
5: Test Description
6: username
7: password
8: remenber
9: method
10: user.firstname
11: user.lastname
12: user.gender
13: user.birthdate
14: user.email
15: user.username
16: user.password
17: user.confirmpassword
18: user.status
19: user.department
20: user.position
21: user.workstart
22: role.code
23: role.details</msg>
<status status="PASS" starttime="20220809 17:42:48.647" endtime="20220809 17:42:48.647"/>
</kw>
<kw name="Log List" library="Collections">
<arg>${DATA}</arg>
<doc>Logs the length and contents of the ``list`` using given ``level``.</doc>
<msg timestamp="20220809 17:42:48.647" level="INFO">List length is 24 and it contains following items:
0: None
1: None
2: None
3: None
4: UI1002_000
5: None
6: sopawans@viriyah.co.th
7: Pass@0522
8: True
9: add
10: None
11: None
12: None
13: None
14: None
15: None
16: None
17: None
18: None
19: None
20: None
21: None
22: AD001
23: QA Automate</msg>
<status status="PASS" starttime="20220809 17:42:48.647" endtime="20220809 17:42:48.647"/>
</kw>
<kw name="Close All Excel Documents" library="ExcelLibraryV2">
<doc>Closes all opened documents.</doc>
<status status="PASS" starttime="20220809 17:42:48.647" endtime="20220809 17:42:48.647"/>
</kw>
<kw name="Create Dictionary" library="BuiltIn">
<var>${Test_Data}</var>
<doc>Creates and returns a dictionary based on the given ``items``.</doc>
<msg timestamp="20220809 17:42:48.647" level="INFO">${Test_Data} = {}</msg>
<status status="PASS" starttime="20220809 17:42:48.647" endtime="20220809 17:42:48.647"/>
</kw>
<kw name="Get Length" library="BuiltIn">
<var>${length}</var>
<arg>${DATA}</arg>
<doc>Returns and logs the length of the given item as an integer.</doc>
<msg timestamp="20220809 17:42:48.647" level="INFO">Length is 24</msg>
<msg timestamp="20220809 17:42:48.647" level="INFO">${length} = 24</msg>
<status status="PASS" starttime="20220809 17:42:48.647" endtime="20220809 17:42:48.647"/>
</kw>
<for flavor="IN RANGE">
<var>${i}</var>
<value>0</value>
<value>${length}</value>
<iter>
<var name="${i}">0</var>
<kw name="Set To Dictionary" library="Collections">
<arg>${Test_Data}</arg>
<arg>${HEAD[${i}]}=${DATA[${i}]}</arg>
<doc>Adds the given ``key_value_pairs`` and ``items`` to the ``dictionary``.</doc>
<status status="PASS" starttime="20220809 17:42:48.647" endtime="20220809 17:42:48.647"/>
</kw>
<status status="PASS" starttime="20220809 17:42:48.647" endtime="20220809 17:42:48.647"/>
</iter>
<iter>
<var name="${i}">1</var>
<kw name="Set To Dictionary" library="Collections">
<arg>${Test_Data}</arg>
<arg>${HEAD[${i}]}=${DATA[${i}]}</arg>
<doc>Adds the given ``key_value_pairs`` and ``items`` to the ``dictionary``.</doc>
<status status="PASS" starttime="20220809 17:42:48.647" endtime="20220809 17:42:48.647"/>
</kw>
<status status="PASS" starttime="20220809 17:42:48.647" endtime="20220809 17:42:48.647"/>
</iter>
<iter>
<var name="${i}">2</var>
<kw name="Set To Dictionary" library="Collections">
<arg>${Test_Data}</arg>
<arg>${HEAD[${i}]}=${DATA[${i}]}</arg>
<doc>Adds the given ``key_value_pairs`` and ``items`` to the ``dictionary``.</doc>
<status status="PASS" starttime="20220809 17:42:48.647" endtime="20220809 17:42:48.662"/>
</kw>
<status status="PASS" starttime="20220809 17:42:48.647" endtime="20220809 17:42:48.662"/>
</iter>
<iter>
<var name="${i}">3</var>
<kw name="Set To Dictionary" library="Collections">
<arg>${Test_Data}</arg>
<arg>${HEAD[${i}]}=${DATA[${i}]}</arg>
<doc>Adds the given ``key_value_pairs`` and ``items`` to the ``dictionary``.</doc>
<status status="PASS" starttime="20220809 17:42:48.662" endtime="20220809 17:42:48.662"/>
</kw>
<status status="PASS" starttime="20220809 17:42:48.662" endtime="20220809 17:42:48.662"/>
</iter>
<iter>
<var name="${i}">4</var>
<kw name="Set To Dictionary" library="Collections">
<arg>${Test_Data}</arg>
<arg>${HEAD[${i}]}=${DATA[${i}]}</arg>
<doc>Adds the given ``key_value_pairs`` and ``items`` to the ``dictionary``.</doc>
<status status="PASS" starttime="20220809 17:42:48.662" endtime="20220809 17:42:48.662"/>
</kw>
<status status="PASS" starttime="20220809 17:42:48.662" endtime="20220809 17:42:48.662"/>
</iter>
<iter>
<var name="${i}">5</var>
<kw name="Set To Dictionary" library="Collections">
<arg>${Test_Data}</arg>
<arg>${HEAD[${i}]}=${DATA[${i}]}</arg>
<doc>Adds the given ``key_value_pairs`` and ``items`` to the ``dictionary``.</doc>
<status status="PASS" starttime="20220809 17:42:48.662" endtime="20220809 17:42:48.678"/>
</kw>
<status status="PASS" starttime="20220809 17:42:48.662" endtime="20220809 17:42:48.678"/>
</iter>
<iter>
<var name="${i}">6</var>
<kw name="Set To Dictionary" library="Collections">
<arg>${Test_Data}</arg>
<arg>${HEAD[${i}]}=${DATA[${i}]}</arg>
<doc>Adds the given ``key_value_pairs`` and ``items`` to the ``dictionary``.</doc>
<status status="PASS" starttime="20220809 17:42:48.678" endtime="20220809 17:42:48.678"/>
</kw>
<status status="PASS" starttime="20220809 17:42:48.678" endtime="20220809 17:42:48.678"/>
</iter>
<iter>
<var name="${i}">7</var>
<kw name="Set To Dictionary" library="Collections">
<arg>${Test_Data}</arg>
<arg>${HEAD[${i}]}=${DATA[${i}]}</arg>
<doc>Adds the given ``key_value_pairs`` and ``items`` to the ``dictionary``.</doc>
<status status="PASS" starttime="20220809 17:42:48.678" endtime="20220809 17:42:48.678"/>
</kw>
<status status="PASS" starttime="20220809 17:42:48.678" endtime="20220809 17:42:48.678"/>
</iter>
<iter>
<var name="${i}">8</var>
<kw name="Set To Dictionary" library="Collections">
<arg>${Test_Data}</arg>
<arg>${HEAD[${i}]}=${DATA[${i}]}</arg>
<doc>Adds the given ``key_value_pairs`` and ``items`` to the ``dictionary``.</doc>
<status status="PASS" starttime="20220809 17:42:48.678" endtime="20220809 17:42:48.694"/>
</kw>
<status status="PASS" starttime="20220809 17:42:48.678" endtime="20220809 17:42:48.694"/>
</iter>
<iter>
<var name="${i}">9</var>
<kw name="Set To Dictionary" library="Collections">
<arg>${Test_Data}</arg>
<arg>${HEAD[${i}]}=${DATA[${i}]}</arg>
<doc>Adds the given ``key_value_pairs`` and ``items`` to the ``dictionary``.</doc>
<status status="PASS" starttime="20220809 17:42:48.694" endtime="20220809 17:42:48.694"/>
</kw>
<status status="PASS" starttime="20220809 17:42:48.694" endtime="20220809 17:42:48.694"/>
</iter>
<iter>
<var name="${i}">10</var>
<kw name="Set To Dictionary" library="Collections">
<arg>${Test_Data}</arg>
<arg>${HEAD[${i}]}=${DATA[${i}]}</arg>
<doc>Adds the given ``key_value_pairs`` and ``items`` to the ``dictionary``.</doc>
<status status="PASS" starttime="20220809 17:42:48.694" endtime="20220809 17:42:48.694"/>
</kw>
<status status="PASS" starttime="20220809 17:42:48.694" endtime="20220809 17:42:48.694"/>
</iter>
<iter>
<var name="${i}">11</var>
<kw name="Set To Dictionary" library="Collections">
<arg>${Test_Data}</arg>
<arg>${HEAD[${i}]}=${DATA[${i}]}</arg>
<doc>Adds the given ``key_value_pairs`` and ``items`` to the ``dictionary``.</doc>
<status status="PASS" starttime="20220809 17:42:48.694" endtime="20220809 17:42:48.709"/>
</kw>
<status status="PASS" starttime="20220809 17:42:48.694" endtime="20220809 17:42:48.709"/>
</iter>
<iter>
<var name="${i}">12</var>
<kw name="Set To Dictionary" library="Collections">
<arg>${Test_Data}</arg>
<arg>${HEAD[${i}]}=${DATA[${i}]}</arg>
<doc>Adds the given ``key_value_pairs`` and ``items`` to the ``dictionary``.</doc>
<status status="PASS" starttime="20220809 17:42:48.709" endtime="20220809 17:42:48.709"/>
</kw>
<status status="PASS" starttime="20220809 17:42:48.709" endtime="20220809 17:42:48.709"/>
</iter>
<iter>
<var name="${i}">13</var>
<kw name="Set To Dictionary" library="Collections">
<arg>${Test_Data}</arg>
<arg>${HEAD[${i}]}=${DATA[${i}]}</arg>
<doc>Adds the given ``key_value_pairs`` and ``items`` to the ``dictionary``.</doc>
<status status="PASS" starttime="20220809 17:42:48.709" endtime="20220809 17:42:48.709"/>
</kw>
<status status="PASS" starttime="20220809 17:42:48.709" endtime="20220809 17:42:48.709"/>
</iter>
<iter>
<var name="${i}">14</var>
<kw name="Set To Dictionary" library="Collections">
<arg>${Test_Data}</arg>
<arg>${HEAD[${i}]}=${DATA[${i}]}</arg>
<doc>Adds the given ``key_value_pairs`` and ``items`` to the ``dictionary``.</doc>
<status status="PASS" starttime="20220809 17:42:48.709" endtime="20220809 17:42:48.725"/>
</kw>
<status status="PASS" starttime="20220809 17:42:48.709" endtime="20220809 17:42:48.725"/>
</iter>
<iter>
<var name="${i}">15</var>
<kw name="Set To Dictionary" library="Collections">
<arg>${Test_Data}</arg>
<arg>${HEAD[${i}]}=${DATA[${i}]}</arg>
<doc>Adds the given ``key_value_pairs`` and ``items`` to the ``dictionary``.</doc>
<status status="PASS" starttime="20220809 17:42:48.725" endtime="20220809 17:42:48.725"/>
</kw>
<status status="PASS" starttime="20220809 17:42:48.725" endtime="20220809 17:42:48.725"/>
</iter>
<iter>
<var name="${i}">16</var>
<kw name="Set To Dictionary" library="Collections">
<arg>${Test_Data}</arg>
<arg>${HEAD[${i}]}=${DATA[${i}]}</arg>
<doc>Adds the given ``key_value_pairs`` and ``items`` to the ``dictionary``.</doc>
<status status="PASS" starttime="20220809 17:42:48.725" endtime="20220809 17:42:48.741"/>
</kw>
<status status="PASS" starttime="20220809 17:42:48.725" endtime="20220809 17:42:48.741"/>
</iter>
<iter>
<var name="${i}">17</var>
<kw name="Set To Dictionary" library="Collections">
<arg>${Test_Data}</arg>
<arg>${HEAD[${i}]}=${DATA[${i}]}</arg>
<doc>Adds the given ``key_value_pairs`` and ``items`` to the ``dictionary``.</doc>
<status status="PASS" starttime="20220809 17:42:48.741" endtime="20220809 17:42:48.741"/>
</kw>
<status status="PASS" starttime="20220809 17:42:48.741" endtime="20220809 17:42:48.741"/>
</iter>
<iter>
<var name="${i}">18</var>
<kw name="Set To Dictionary" library="Collections">
<arg>${Test_Data}</arg>
<arg>${HEAD[${i}]}=${DATA[${i}]}</arg>
<doc>Adds the given ``key_value_pairs`` and ``items`` to the ``dictionary``.</doc>
<status status="PASS" starttime="20220809 17:42:48.741" endtime="20220809 17:42:48.741"/>
</kw>
<status status="PASS" starttime="20220809 17:42:48.741" endtime="20220809 17:42:48.741"/>
</iter>
<iter>
<var name="${i}">19</var>
<kw name="Set To Dictionary" library="Collections">
<arg>${Test_Data}</arg>
<arg>${HEAD[${i}]}=${DATA[${i}]}</arg>
<doc>Adds the given ``key_value_pairs`` and ``items`` to the ``dictionary``.</doc>
<status status="PASS" starttime="20220809 17:42:48.741" endtime="20220809 17:42:48.756"/>
</kw>
<status status="PASS" starttime="20220809 17:42:48.741" endtime="20220809 17:42:48.756"/>
</iter>
<iter>
<var name="${i}">20</var>
<kw name="Set To Dictionary" library="Collections">
<arg>${Test_Data}</arg>
<arg>${HEAD[${i}]}=${DATA[${i}]}</arg>
<doc>Adds the given ``key_value_pairs`` and ``items`` to the ``dictionary``.</doc>
<status status="PASS" starttime="20220809 17:42:48.756" endtime="20220809 17:42:48.756"/>
</kw>
<status status="PASS" starttime="20220809 17:42:48.756" endtime="20220809 17:42:48.756"/>
</iter>
<iter>
<var name="${i}">21</var>
<kw name="Set To Dictionary" library="Collections">
<arg>${Test_Data}</arg>
<arg>${HEAD[${i}]}=${DATA[${i}]}</arg>
<doc>Adds the given ``key_value_pairs`` and ``items`` to the ``dictionary``.</doc>
<status status="PASS" starttime="20220809 17:42:48.756" endtime="20220809 17:42:48.756"/>
</kw>
<status status="PASS" starttime="20220809 17:42:48.756" endtime="20220809 17:42:48.756"/>
</iter>
<iter>
<var name="${i}">22</var>
<kw name="Set To Dictionary" library="Collections">
<arg>${Test_Data}</arg>
<arg>${HEAD[${i}]}=${DATA[${i}]}</arg>
<doc>Adds the given ``key_value_pairs`` and ``items`` to the ``dictionary``.</doc>
<status status="PASS" starttime="20220809 17:42:48.756" endtime="20220809 17:42:48.772"/>
</kw>
<status status="PASS" starttime="20220809 17:42:48.756" endtime="20220809 17:42:48.772"/>
</iter>
<iter>
<var name="${i}">23</var>
<kw name="Set To Dictionary" library="Collections">
<arg>${Test_Data}</arg>
<arg>${HEAD[${i}]}=${DATA[${i}]}</arg>
<doc>Adds the given ``key_value_pairs`` and ``items`` to the ``dictionary``.</doc>
<status status="PASS" starttime="20220809 17:42:48.772" endtime="20220809 17:42:48.772"/>
</kw>
<status status="PASS" starttime="20220809 17:42:48.772" endtime="20220809 17:42:48.772"/>
</iter>
<status status="PASS" starttime="20220809 17:42:48.647" endtime="20220809 17:42:48.772"/>
</for>
<kw name="Log Dictionary" library="Collections">
<arg>${Test_Data}</arg>
<doc>Logs the size and contents of the ``dictionary`` using given ``level``.</doc>
<msg timestamp="20220809 17:42:48.772" level="INFO">Dictionary size is 24 and it contains following items:
 TestResult: None
ExpectedApi: None
ExpectedRespone: None
Test Description: None
TestCaseNumber: UI1002_000
actualRespone: None
method: add
password: Pass@0522
remenber: True
role.code: AD001
role.details: QA Automate
user.birthdate: None
user.confirmpassword: None
user.department: None
user.email: None
user.firstname: None
user.gender: None
user.lastname: None
user.password: None
user.position: None
user.status: None
user.username: None
user.workstart: None
username: sopawans@viriyah.co.th</msg>
<status status="PASS" starttime="20220809 17:42:48.772" endtime="20220809 17:42:48.772"/>
</kw>
<msg timestamp="20220809 17:42:48.772" level="INFO">${data_test} = {' TestResult': None, 'ExpectedApi': None, 'ExpectedRespone': None, 'actualRespone': None, 'TestCaseNumber': 'UI1002_000', 'Test Description': None, 'username': 'sopawans@viriyah.co.th', 'password': '...</msg>
<status status="PASS" starttime="20220809 17:42:48.466" endtime="20220809 17:42:48.772"/>
</kw>
<kw name="Run Keyword If" library="BuiltIn">
<arg>${rowNo} &lt; 5</arg>
<arg>Setting_User</arg>
<arg>${data_test}</arg>
<arg>ELSE IF</arg>
<arg>4 &lt; ${rowNo} &lt; 8</arg>
<arg>Setting_Role</arg>
<arg>${data_test}</arg>
<doc>Runs the given keyword with the given arguments, if ``condition`` is true.</doc>
<kw name="Setting_Role" library="Web_Keywords">
<arg>${data_test}</arg>
<kw name="Login_PDPA_Management" library="Web_Keywords">
<arg>${data_test}</arg>
<kw name="OpenWebPdpa" library="Web_Keywords">
<arg>${URL}</arg>
<arg>${BrowserChrome}</arg>
<kw name="Open Browser" library="Selenium2Library">
<arg>${URL}</arg>
<arg>${Browser}</arg>
<doc>Opens a new browser instance to the optional ``url``.</doc>
<msg timestamp="20220809 17:42:48.772" level="INFO">Opening browser 'Chrome' to base url 'https://vpdpa.viriyah.co.th/'.</msg>
<status status="PASS" starttime="20220809 17:42:48.772" endtime="20220809 17:42:52.145"/>
</kw>
<kw name="Maximize Browser Window" library="Selenium2Library">
<doc>Maximizes current browser window.</doc>
<status status="PASS" starttime="20220809 17:42:52.145" endtime="20220809 17:42:52.299"/>
</kw>
<status status="PASS" starttime="20220809 17:42:48.772" endtime="20220809 17:42:52.300"/>
</kw>
<kw name="InputUserName" library="Web_Keywords">
<arg>${TXT_USERNAME}</arg>
<arg>${data_test['username']}</arg>
<kw name="InputValue" library="Web_Keywords">
<arg>${locator}</arg>
<arg>${value_user}</arg>
<kw name="Wait Until Element Is Visible" library="Selenium2Library">
<arg>${locator}</arg>
<arg>${timeout}</arg>
<doc>Waits until the element ``locator`` is visible.</doc>
<status status="PASS" starttime="20220809 17:42:52.310" endtime="20220809 17:42:52.391"/>
</kw>
<kw name="Input Text" library="Selenium2Library">
<arg>${locator}</arg>
<arg>${value}</arg>
<doc>Types the given ``text`` into the text field identified by ``locator``.</doc>
<msg timestamp="20220809 17:42:52.392" level="INFO">Typing text 'sopawans@viriyah.co.th' into text field 'xpath=//input[@id="txt_username"]'.</msg>
<status status="PASS" starttime="20220809 17:42:52.391" endtime="20220809 17:42:52.529"/>
</kw>
<status status="PASS" starttime="20220809 17:42:52.307" endtime="20220809 17:42:52.530"/>
</kw>
<status status="PASS" starttime="20220809 17:42:52.300" endtime="20220809 17:42:52.530"/>
</kw>
<kw name="InputPassword" library="Web_Keywords">
<arg>${TXT_PASSWORD}</arg>
<arg>${data_test['password']}</arg>
<kw name="InputValue" library="Web_Keywords">
<arg>${locator}</arg>
<arg>${value_pass}</arg>
<kw name="Wait Until Element Is Visible" library="Selenium2Library">
<arg>${locator}</arg>
<arg>${timeout}</arg>
<doc>Waits until the element ``locator`` is visible.</doc>
<status status="PASS" starttime="20220809 17:42:52.536" endtime="20220809 17:42:52.565"/>
</kw>
<kw name="Input Text" library="Selenium2Library">
<arg>${locator}</arg>
<arg>${value}</arg>
<doc>Types the given ``text`` into the text field identified by ``locator``.</doc>
<msg timestamp="20220809 17:42:52.565" level="INFO">Typing text 'Pass@0522' into text field 'xpath=//input[@id="txt_password"]'.</msg>
<status status="PASS" starttime="20220809 17:42:52.565" endtime="20220809 17:42:52.680"/>
</kw>
<status status="PASS" starttime="20220809 17:42:52.531" endtime="20220809 17:42:52.680"/>
</kw>
<status status="PASS" starttime="20220809 17:42:52.530" endtime="20220809 17:42:52.680"/>
</kw>
<kw name="Run Keyword If" library="BuiltIn">
<arg>'${data_test['remenber']}' == 'True'</arg>
<arg>Click Element</arg>
<arg>${CHK_REMEMBER}</arg>
<arg>ELSE</arg>
<arg>Log</arg>
<arg>False</arg>
<doc>Runs the given keyword with the given arguments, if ``condition`` is true.</doc>
<kw name="Click Element" library="Selenium2Library">
<arg>${CHK_REMEMBER}</arg>
<doc>Click the element identified by ``locator``.</doc>
<msg timestamp="20220809 17:42:52.685" level="INFO">Clicking element 'xpath=//div[@id="chkbx_remember"]/div/span[2]'.</msg>
<status status="PASS" starttime="20220809 17:42:52.684" endtime="20220809 17:42:52.758"/>
</kw>
<status status="PASS" starttime="20220809 17:42:52.681" endtime="20220809 17:42:52.758"/>
</kw>
<kw name="Click Element" library="Selenium2Library">
<arg>${BTN_LOGIN}</arg>
<doc>Click the element identified by ``locator``.</doc>
<msg timestamp="20220809 17:42:52.759" level="INFO">Clicking element 'xpath=//button[@id="btn_login"]'.</msg>
<status status="PASS" starttime="20220809 17:42:52.759" endtime="20220809 17:42:52.972"/>
</kw>
<status status="PASS" starttime="20220809 17:42:48.772" endtime="20220809 17:42:52.972"/>
</kw>
<kw name="Select_Menu_setting" library="Web_Keywords">
<kw name="Wait Until Element Is Visible" library="Selenium2Library">
<arg>${BTN_Profile}</arg>
<arg>${timeout}</arg>
<doc>Waits until the element ``locator`` is visible.</doc>
<status status="PASS" starttime="20220809 17:42:52.972" endtime="20220809 17:42:58.458"/>
</kw>
<kw name="Click Element" library="Selenium2Library">
<arg>${BTN_MENU}</arg>
<doc>Click the element identified by ``locator``.</doc>
<msg timestamp="20220809 17:42:58.459" level="INFO">Clicking element 'xpath=/html/body/div[3]/div[1]/div[1]/div/nav/div/a/div/div[1]/div/div[2]'.</msg>
<status status="PASS" starttime="20220809 17:42:58.459" endtime="20220809 17:42:58.592"/>
</kw>
<kw name="Sleep" library="BuiltIn">
<arg>2s</arg>
<doc>Pauses the test executed for the given time.</doc>
<msg timestamp="20220809 17:43:00.594" level="INFO">Slept 2 seconds</msg>
<status status="PASS" starttime="20220809 17:42:58.593" endtime="20220809 17:43:00.594"/>
</kw>
<kw name="Wait Until Element Is Visible" library="Selenium2Library">
<arg>${BTN_MENU_SETTING}</arg>
<arg>${timeout}</arg>
<doc>Waits until the element ``locator`` is visible.</doc>
<status status="PASS" starttime="20220809 17:43:00.594" endtime="20220809 17:43:00.609"/>
</kw>
<kw name="Click Element" library="Selenium2Library">
<arg>${BTN_MENU_SETTING}</arg>
<doc>Click the element identified by ``locator``.</doc>
<msg timestamp="20220809 17:43:00.625" level="INFO">Clicking element 'xpath=//span[contains(text(),'Settings')]/../img'.</msg>
<status status="PASS" starttime="20220809 17:43:00.609" endtime="20220809 17:43:00.787"/>
</kw>
<status status="PASS" starttime="20220809 17:42:52.972" endtime="20220809 17:43:00.788"/>
</kw>
<kw name="SubMenu_Role" library="Web_Keywords">
<arg>${data_test}</arg>
<kw name="Wait Until Element Is Visible" library="Selenium2Library">
<arg>${MENU_ROLE}</arg>
<arg>${timeout}</arg>
<doc>Waits until the element ``locator`` is visible.</doc>
<status status="PASS" starttime="20220809 17:43:00.790" endtime="20220809 17:43:00.922"/>
</kw>
<kw name="Click Element" library="Selenium2Library">
<arg>${MENU_ROLE}</arg>
<doc>Click the element identified by ``locator``.</doc>
<msg timestamp="20220809 17:43:00.923" level="INFO">Clicking element 'xpath=//li[@data-item-id="SETTING_ROLE"]'.</msg>
<status status="PASS" starttime="20220809 17:43:00.922" endtime="20220809 17:43:01.245"/>
</kw>
<kw name="Wait Until Element Is Visible" library="Selenium2Library">
<arg>${HEADER_MENU_ROLE}</arg>
<arg>${timeout}</arg>
<doc>Waits until the element ``locator`` is visible.</doc>
<status status="PASS" starttime="20220809 17:43:01.246" endtime="20220809 17:43:02.947"/>
</kw>
<kw name="Run Keyword If" library="BuiltIn">
<arg>'${data_test['method']}'=='add'</arg>
<arg>AddRole</arg>
<arg>${data_test}</arg>
<arg>ELSE IF</arg>
<arg>'${data_test['method']}'=='edit'</arg>
<arg>EditRole</arg>
<arg>${data_test}</arg>
<arg>ELSE</arg>
<arg>DeleteRole</arg>
<doc>Runs the given keyword with the given arguments, if ``condition`` is true.</doc>
<kw name="AddRole" library="Web_Keywords">
<arg>${data_test}</arg>
<kw name="Click Element" library="Selenium2Library">
<arg>${BTN_ADD}</arg>
<doc>Click the element identified by ``locator``.</doc>
<msg timestamp="20220809 17:43:02.956" level="INFO">Clicking element 'xpath=//div[@id="icon-plus"]'.</msg>
<status status="PASS" starttime="20220809 17:43:02.956" endtime="20220809 17:43:04.241"/>
</kw>
<kw name="Wait Until Element Is Visible" library="Selenium2Library">
<arg>${HEADER_ADD_ROLE}</arg>
<arg>${timeout}</arg>
<doc>Waits until the element ``locator`` is visible.</doc>
<status status="PASS" starttime="20220809 17:43:04.242" endtime="20220809 17:43:05.834"/>
</kw>
<kw name="InputValue" library="Web_Keywords">
<arg>${TXT_ROLE_CODE}</arg>
<arg>${data_test['role.code']}</arg>
<kw name="Wait Until Element Is Visible" library="Selenium2Library">
<arg>${locator}</arg>
<arg>${timeout}</arg>
<doc>Waits until the element ``locator`` is visible.</doc>
<status status="PASS" starttime="20220809 17:43:05.837" endtime="20220809 17:43:05.865"/>
</kw>
<kw name="Input Text" library="Selenium2Library">
<arg>${locator}</arg>
<arg>${value}</arg>
<doc>Types the given ``text`` into the text field identified by ``locator``.</doc>
<msg timestamp="20220809 17:43:05.867" level="INFO">Typing text 'AD001' into text field 'xpath=//div[@title="รหัสสิทธ์การใช้งาน"]/..//input'.</msg>
<status status="PASS" starttime="20220809 17:43:05.866" endtime="20220809 17:43:06.027"/>
</kw>
<status status="PASS" starttime="20220809 17:43:05.834" endtime="20220809 17:43:06.027"/>
</kw>
<kw name="InputValue" library="Web_Keywords">
<arg>${TXT_ROLD_DETAIL}</arg>
<arg>${data_test['role.details']}</arg>
<kw name="Wait Until Element Is Visible" library="Selenium2Library">
<arg>${locator}</arg>
<arg>${timeout}</arg>
<doc>Waits until the element ``locator`` is visible.</doc>
<status status="PASS" starttime="20220809 17:43:06.030" endtime="20220809 17:43:06.065"/>
</kw>
<kw name="Input Text" library="Selenium2Library">
<arg>${locator}</arg>
<arg>${value}</arg>
<doc>Types the given ``text`` into the text field identified by ``locator``.</doc>
<msg timestamp="20220809 17:43:06.066" level="INFO">Typing text 'QA Automate' into text field 'xpath=//div[@title="รายละเอียด"]/..//textarea'.</msg>
<status status="PASS" starttime="20220809 17:43:06.065" endtime="20220809 17:43:06.245"/>
</kw>
<status status="PASS" starttime="20220809 17:43:06.027" endtime="20220809 17:43:06.245"/>
</kw>
<kw name="Click Element" library="Selenium2Library">
<arg>xpath=//*[@id="form"]/div/div/div/div/div/div/div/div/div/div/div/div/div[3]/div/div/div/div</arg>
<doc>Click the element identified by ``locator``.</doc>
<msg timestamp="20220809 17:43:06.246" level="INFO">Clicking element 'xpath=//*[@id="form"]/div/div/div/div/div/div/div/div/div/div/div/div/div[3]/div/div/div/div'.</msg>
<status status="PASS" starttime="20220809 17:43:06.246" endtime="20220809 17:43:06.363"/>
</kw>
<kw name="Wait Until Element Is Visible" library="Selenium2Library">
<arg>xpath=//*[@id="gridContainer"]/div/div[6]/div/div/div[1]/div/table/tbody/tr[1]/td[3]/div</arg>
<arg>${timeout}</arg>
<doc>Waits until the element ``locator`` is visible.</doc>
<status status="PASS" starttime="20220809 17:43:06.363" endtime="20220809 17:43:06.424"/>
</kw>
<kw name="Click Element" library="Selenium2Library">
<arg>xpath=//*[@id="gridContainer"]/div/div[6]/div/div/div[1]/div/table/tbody/tr[1]/td[3]/div</arg>
<doc>Click the element identified by ``locator``.</doc>
<msg timestamp="20220809 17:43:06.424" level="INFO">Clicking element 'xpath=//*[@id="gridContainer"]/div/div[6]/div/div/div[1]/div/table/tbody/tr[1]/td[3]/div'.</msg>
<status status="PASS" starttime="20220809 17:43:06.424" endtime="20220809 17:43:06.590"/>
</kw>
<kw name="Click Element" library="Selenium2Library">
<arg>xpath=//tbody/tr[26]//a[@title="Approve"]</arg>
<doc>Click the element identified by ``locator``.</doc>
<msg timestamp="20220809 17:43:06.590" level="INFO">Clicking element 'xpath=//tbody/tr[26]//a[@title="Approve"]'.</msg>
<status status="PASS" starttime="20220809 17:43:06.590" endtime="20220809 17:43:06.850"/>
</kw>
<kw name="Wait Until Element Is Visible" library="Selenium2Library">
<arg>${BTN_CLOSE_POPUP}</arg>
<arg>${timeout}</arg>
<doc>Waits until the element ``locator`` is visible.</doc>
<status status="PASS" starttime="20220809 17:43:06.850" endtime="20220809 17:43:06.918"/>
</kw>
<kw name="Click Element" library="Selenium2Library">
<arg>${BTN_CLOSE_POPUP}</arg>
<doc>Click the element identified by ``locator``.</doc>
<msg timestamp="20220809 17:43:06.919" level="INFO">Clicking element 'xpath=//div[@class="dx-closebutton dx-button dx-button-normal dx-button-mode-text dx-widget dx-button-has-icon"]'.</msg>
<status status="PASS" starttime="20220809 17:43:06.918" endtime="20220809 17:43:07.241"/>
</kw>
<kw name="Click Element" library="Selenium2Library">
<arg>xpath=//tbody/tr[35]//a[@title="Approve"]</arg>
<doc>Click the element identified by ``locator``.</doc>
<msg timestamp="20220809 17:43:07.243" level="INFO">Clicking element 'xpath=//tbody/tr[35]//a[@title="Approve"]'.</msg>
<status status="PASS" starttime="20220809 17:43:07.242" endtime="20220809 17:43:07.638"/>
</kw>
<kw name="Wait Until Element Is Visible" library="Selenium2Library">
<arg>xpath=//div[@id="btnCancel"]</arg>
<arg>${timeout}</arg>
<doc>Waits until the element ``locator`` is visible.</doc>
<status status="PASS" starttime="20220809 17:43:07.638" endtime="20220809 17:43:07.790"/>
</kw>
<kw name="Click Element" library="Selenium2Library">
<arg>xpath=//div[@id="btnCancel"]</arg>
<doc>Click the element identified by ``locator``.</doc>
<msg timestamp="20220809 17:43:07.791" level="INFO">Clicking element 'xpath=//div[@id="btnCancel"]'.</msg>
<status status="PASS" starttime="20220809 17:43:07.790" endtime="20220809 17:43:07.928"/>
</kw>
<kw name="Execute Javascript" library="Selenium2Library">
<arg>window.scrollTo(0, 0);</arg>
<doc>Executes the given JavaScript code with possible arguments.</doc>
<msg timestamp="20220809 17:43:07.929" level="INFO">Executing JavaScript:
window.scrollTo(0, 0);
Without any arguments.</msg>
<status status="PASS" starttime="20220809 17:43:07.928" endtime="20220809 17:43:07.944"/>
</kw>
<kw name="Wait Until Element Is Visible" library="Selenium2Library">
<arg>${BTN_SAVE}</arg>
<arg>${timeout}</arg>
<doc>Waits until the element ``locator`` is visible.</doc>
<status status="PASS" starttime="20220809 17:43:07.944" endtime="20220809 17:43:08.013"/>
</kw>
<kw name="Click Element" library="Selenium2Library">
<arg>${BTN_SAVE}</arg>
<doc>Click the element identified by ``locator``.</doc>
<msg timestamp="20220809 17:43:08.015" level="INFO">Clicking element 'xpath=//div[@id="icon-save"]'.</msg>
<status status="PASS" starttime="20220809 17:43:08.013" endtime="20220809 17:43:08.110"/>
</kw>
<kw name="Wait Until Element Is Visible" library="Selenium2Library">
<arg>${MENU_ROLE}</arg>
<arg>${timeout}</arg>
<doc>Waits until the element ``locator`` is visible.</doc>
<status status="PASS" starttime="20220809 17:43:08.111" endtime="20220809 17:43:08.137"/>
</kw>
<kw name="Close Browser" library="Selenium2Library">
<doc>Closes the current browser.</doc>
<status status="PASS" starttime="20220809 17:43:08.137" endtime="20220809 17:43:10.748"/>
</kw>
<status status="PASS" starttime="20220809 17:43:02.955" endtime="20220809 17:43:10.748"/>
</kw>
<status status="PASS" starttime="20220809 17:43:02.947" endtime="20220809 17:43:10.748"/>
</kw>
<status status="PASS" starttime="20220809 17:43:00.788" endtime="20220809 17:43:10.748"/>
</kw>
<status status="PASS" starttime="20220809 17:42:48.772" endtime="20220809 17:43:10.748"/>
</kw>
<status status="PASS" starttime="20220809 17:42:48.772" endtime="20220809 17:43:10.748"/>
</kw>
<status status="PASS" starttime="20220809 17:42:48.463" endtime="20220809 17:43:10.748"/>
</kw>
<kw name="PDPAManagement" library="Web_Keywords">
<arg>6</arg>
<arg>200</arg>
<arg>UI1002_001</arg>
<kw name="Read_Excel_For_Test" library="ExcelKeyword">
<var>${data_test}</var>
<arg>${EXCEL_NAME}</arg>
<arg>${SHEET_NAME}</arg>
<arg>${rowNo}</arg>
<kw name="Open Excel Document" library="ExcelLibraryV2">
<arg>${fileExcel}</arg>
<arg>Test</arg>
<arg>True</arg>
<doc>Opens xlsx document file.</doc>
<status status="PASS" starttime="20220809 17:43:10.757" endtime="20220809 17:43:10.882"/>
</kw>
<kw name="Get List Sheet Names" library="ExcelLibraryV2">
<var>${sheets}</var>
<doc>Returns a list of sheet names in the current document.</doc>
<msg timestamp="20220809 17:43:10.882" level="INFO">${sheets} = ['CollectionPointList', 'CollectionPointInfo', 'GeneralConsentList', 'GeneralConsentInfo', 'GeneralConsentSubmit', 'HealthCheckLiveness', 'UI', 'HealthCheckReadiness']</msg>
<status status="PASS" starttime="20220809 17:43:10.882" endtime="20220809 17:43:10.882"/>
</kw>
<kw name="List Should Contain Value" library="Collections">
<arg>${sheets}</arg>
<arg>${sheetName}</arg>
<doc>Fails if the ``value`` is not found from ``list``.</doc>
<status status="PASS" starttime="20220809 17:43:10.882" endtime="20220809 17:43:10.882"/>
</kw>
<kw name="Read Excel Row" library="ExcelLibraryV2">
<var>@{HEAD}</var>
<arg>row_num=1</arg>
<arg>sheet_name=${sheetName}</arg>
<doc>Returns content of a row from the current sheet of the document.</doc>
<msg timestamp="20220809 17:43:10.882" level="INFO">@{HEAD} = [  TestResult | ExpectedApi | ExpectedRespone | actualRespone | TestCaseNumber | Test Description | username | password | remenber | method | user.firstname | user.lastname | user.gender | user.birthd...</msg>
<status status="PASS" starttime="20220809 17:43:10.882" endtime="20220809 17:43:10.882"/>
</kw>
<kw name="Read Excel Row" library="ExcelLibraryV2">
<var>@{DATA}</var>
<arg>row_num=${rowNo}</arg>
<arg>sheet_name=${sheetName}</arg>
<doc>Returns content of a row from the current sheet of the document.</doc>
<msg timestamp="20220809 17:43:10.882" level="INFO">@{DATA} = [ None | None | None | None | UI1002_001 | None | sopawans@viriyah.co.th | Pass@0522 | True | edit | None | None | None | None | None | None | None | None | None | None | None | None | AD900 | Edit QA...</msg>
<status status="PASS" starttime="20220809 17:43:10.882" endtime="20220809 17:43:10.882"/>
</kw>
<kw name="Log List" library="Collections">
<arg>${HEAD}</arg>
<doc>Logs the length and contents of the ``list`` using given ``level``.</doc>
<msg timestamp="20220809 17:43:10.882" level="INFO">List length is 24 and it contains following items:
0:  TestResult
1: ExpectedApi
2: ExpectedRespone
3: actualRespone
4: TestCaseNumber
5: Test Description
6: username
7: password
8: remenber
9: method
10: user.firstname
11: user.lastname
12: user.gender
13: user.birthdate
14: user.email
15: user.username
16: user.password
17: user.confirmpassword
18: user.status
19: user.department
20: user.position
21: user.workstart
22: role.code
23: role.details</msg>
<status status="PASS" starttime="20220809 17:43:10.882" endtime="20220809 17:43:10.882"/>
</kw>
<kw name="Log List" library="Collections">
<arg>${DATA}</arg>
<doc>Logs the length and contents of the ``list`` using given ``level``.</doc>
<msg timestamp="20220809 17:43:10.882" level="INFO">List length is 24 and it contains following items:
0: None
1: None
2: None
3: None
4: UI1002_001
5: None
6: sopawans@viriyah.co.th
7: Pass@0522
8: True
9: edit
10: None
11: None
12: None
13: None
14: None
15: None
16: None
17: None
18: None
19: None
20: None
21: None
22: AD900
23: Edit QA Automate</msg>
<status status="PASS" starttime="20220809 17:43:10.882" endtime="20220809 17:43:10.882"/>
</kw>
<kw name="Close All Excel Documents" library="ExcelLibraryV2">
<doc>Closes all opened documents.</doc>
<status status="PASS" starttime="20220809 17:43:10.882" endtime="20220809 17:43:10.882"/>
</kw>
<kw name="Create Dictionary" library="BuiltIn">
<var>${Test_Data}</var>
<doc>Creates and returns a dictionary based on the given ``items``.</doc>
<msg timestamp="20220809 17:43:10.882" level="INFO">${Test_Data} = {}</msg>
<status status="PASS" starttime="20220809 17:43:10.882" endtime="20220809 17:43:10.882"/>
</kw>
<kw name="Get Length" library="BuiltIn">
<var>${length}</var>
<arg>${DATA}</arg>
<doc>Returns and logs the length of the given item as an integer.</doc>
<msg timestamp="20220809 17:43:10.882" level="INFO">Length is 24</msg>
<msg timestamp="20220809 17:43:10.882" level="INFO">${length} = 24</msg>
<status status="PASS" starttime="20220809 17:43:10.882" endtime="20220809 17:43:10.882"/>
</kw>
<for flavor="IN RANGE">
<var>${i}</var>
<value>0</value>
<value>${length}</value>
<iter>
<var name="${i}">0</var>
<kw name="Set To Dictionary" library="Collections">
<arg>${Test_Data}</arg>
<arg>${HEAD[${i}]}=${DATA[${i}]}</arg>
<doc>Adds the given ``key_value_pairs`` and ``items`` to the ``dictionary``.</doc>
<status status="PASS" starttime="20220809 17:43:10.882" endtime="20220809 17:43:10.882"/>
</kw>
<status status="PASS" starttime="20220809 17:43:10.882" endtime="20220809 17:43:10.882"/>
</iter>
<iter>
<var name="${i}">1</var>
<kw name="Set To Dictionary" library="Collections">
<arg>${Test_Data}</arg>
<arg>${HEAD[${i}]}=${DATA[${i}]}</arg>
<doc>Adds the given ``key_value_pairs`` and ``items`` to the ``dictionary``.</doc>
<status status="PASS" starttime="20220809 17:43:10.882" endtime="20220809 17:43:10.897"/>
</kw>
<status status="PASS" starttime="20220809 17:43:10.882" endtime="20220809 17:43:10.897"/>
</iter>
<iter>
<var name="${i}">2</var>
<kw name="Set To Dictionary" library="Collections">
<arg>${Test_Data}</arg>
<arg>${HEAD[${i}]}=${DATA[${i}]}</arg>
<doc>Adds the given ``key_value_pairs`` and ``items`` to the ``dictionary``.</doc>
<status status="PASS" starttime="20220809 17:43:10.897" endtime="20220809 17:43:10.897"/>
</kw>
<status status="PASS" starttime="20220809 17:43:10.897" endtime="20220809 17:43:10.897"/>
</iter>
<iter>
<var name="${i}">3</var>
<kw name="Set To Dictionary" library="Collections">
<arg>${Test_Data}</arg>
<arg>${HEAD[${i}]}=${DATA[${i}]}</arg>
<doc>Adds the given ``key_value_pairs`` and ``items`` to the ``dictionary``.</doc>
<status status="PASS" starttime="20220809 17:43:10.897" endtime="20220809 17:43:10.897"/>
</kw>
<status status="PASS" starttime="20220809 17:43:10.897" endtime="20220809 17:43:10.897"/>
</iter>
<iter>
<var name="${i}">4</var>
<kw name="Set To Dictionary" library="Collections">
<arg>${Test_Data}</arg>
<arg>${HEAD[${i}]}=${DATA[${i}]}</arg>
<doc>Adds the given ``key_value_pairs`` and ``items`` to the ``dictionary``.</doc>
<status status="PASS" starttime="20220809 17:43:10.897" endtime="20220809 17:43:10.913"/>
</kw>
<status status="PASS" starttime="20220809 17:43:10.897" endtime="20220809 17:43:10.913"/>
</iter>
<iter>
<var name="${i}">5</var>
<kw name="Set To Dictionary" library="Collections">
<arg>${Test_Data}</arg>
<arg>${HEAD[${i}]}=${DATA[${i}]}</arg>
<doc>Adds the given ``key_value_pairs`` and ``items`` to the ``dictionary``.</doc>
<status status="PASS" starttime="20220809 17:43:10.913" endtime="20220809 17:43:10.913"/>
</kw>
<status status="PASS" starttime="20220809 17:43:10.913" endtime="20220809 17:43:10.913"/>
</iter>
<iter>
<var name="${i}">6</var>
<kw name="Set To Dictionary" library="Collections">
<arg>${Test_Data}</arg>
<arg>${HEAD[${i}]}=${DATA[${i}]}</arg>
<doc>Adds the given ``key_value_pairs`` and ``items`` to the ``dictionary``.</doc>
<status status="PASS" starttime="20220809 17:43:10.913" endtime="20220809 17:43:10.913"/>
</kw>
<status status="PASS" starttime="20220809 17:43:10.913" endtime="20220809 17:43:10.913"/>
</iter>
<iter>
<var name="${i}">7</var>
<kw name="Set To Dictionary" library="Collections">
<arg>${Test_Data}</arg>
<arg>${HEAD[${i}]}=${DATA[${i}]}</arg>
<doc>Adds the given ``key_value_pairs`` and ``items`` to the ``dictionary``.</doc>
<status status="PASS" starttime="20220809 17:43:10.928" endtime="20220809 17:43:10.928"/>
</kw>
<status status="PASS" starttime="20220809 17:43:10.928" endtime="20220809 17:43:10.928"/>
</iter>
<iter>
<var name="${i}">8</var>
<kw name="Set To Dictionary" library="Collections">
<arg>${Test_Data}</arg>
<arg>${HEAD[${i}]}=${DATA[${i}]}</arg>
<doc>Adds the given ``key_value_pairs`` and ``items`` to the ``dictionary``.</doc>
<status status="PASS" starttime="20220809 17:43:10.928" endtime="20220809 17:43:10.928"/>
</kw>
<status status="PASS" starttime="20220809 17:43:10.928" endtime="20220809 17:43:10.928"/>
</iter>
<iter>
<var name="${i}">9</var>
<kw name="Set To Dictionary" library="Collections">
<arg>${Test_Data}</arg>
<arg>${HEAD[${i}]}=${DATA[${i}]}</arg>
<doc>Adds the given ``key_value_pairs`` and ``items`` to the ``dictionary``.</doc>
<status status="PASS" starttime="20220809 17:43:10.928" endtime="20220809 17:43:10.928"/>
</kw>
<status status="PASS" starttime="20220809 17:43:10.928" endtime="20220809 17:43:10.928"/>
</iter>
<iter>
<var name="${i}">10</var>
<kw name="Set To Dictionary" library="Collections">
<arg>${Test_Data}</arg>
<arg>${HEAD[${i}]}=${DATA[${i}]}</arg>
<doc>Adds the given ``key_value_pairs`` and ``items`` to the ``dictionary``.</doc>
<status status="PASS" starttime="20220809 17:43:10.928" endtime="20220809 17:43:10.944"/>
</kw>
<status status="PASS" starttime="20220809 17:43:10.928" endtime="20220809 17:43:10.944"/>
</iter>
<iter>
<var name="${i}">11</var>
<kw name="Set To Dictionary" library="Collections">
<arg>${Test_Data}</arg>
<arg>${HEAD[${i}]}=${DATA[${i}]}</arg>
<doc>Adds the given ``key_value_pairs`` and ``items`` to the ``dictionary``.</doc>
<status status="PASS" starttime="20220809 17:43:10.944" endtime="20220809 17:43:10.944"/>
</kw>
<status status="PASS" starttime="20220809 17:43:10.944" endtime="20220809 17:43:10.944"/>
</iter>
<iter>
<var name="${i}">12</var>
<kw name="Set To Dictionary" library="Collections">
<arg>${Test_Data}</arg>
<arg>${HEAD[${i}]}=${DATA[${i}]}</arg>
<doc>Adds the given ``key_value_pairs`` and ``items`` to the ``dictionary``.</doc>
<status status="PASS" starttime="20220809 17:43:10.944" endtime="20220809 17:43:10.944"/>
</kw>
<status status="PASS" starttime="20220809 17:43:10.944" endtime="20220809 17:43:10.944"/>
</iter>
<iter>
<var name="${i}">13</var>
<kw name="Set To Dictionary" library="Collections">
<arg>${Test_Data}</arg>
<arg>${HEAD[${i}]}=${DATA[${i}]}</arg>
<doc>Adds the given ``key_value_pairs`` and ``items`` to the ``dictionary``.</doc>
<status status="PASS" starttime="20220809 17:43:10.960" endtime="20220809 17:43:10.960"/>
</kw>
<status status="PASS" starttime="20220809 17:43:10.960" endtime="20220809 17:43:10.960"/>
</iter>
<iter>
<var name="${i}">14</var>
<kw name="Set To Dictionary" library="Collections">
<arg>${Test_Data}</arg>
<arg>${HEAD[${i}]}=${DATA[${i}]}</arg>
<doc>Adds the given ``key_value_pairs`` and ``items`` to the ``dictionary``.</doc>
<status status="PASS" starttime="20220809 17:43:10.960" endtime="20220809 17:43:10.960"/>
</kw>
<status status="PASS" starttime="20220809 17:43:10.960" endtime="20220809 17:43:10.960"/>
</iter>
<iter>
<var name="${i}">15</var>
<kw name="Set To Dictionary" library="Collections">
<arg>${Test_Data}</arg>
<arg>${HEAD[${i}]}=${DATA[${i}]}</arg>
<doc>Adds the given ``key_value_pairs`` and ``items`` to the ``dictionary``.</doc>
<status status="PASS" starttime="20220809 17:43:10.960" endtime="20220809 17:43:10.975"/>
</kw>
<status status="PASS" starttime="20220809 17:43:10.960" endtime="20220809 17:43:10.975"/>
</iter>
<iter>
<var name="${i}">16</var>
<kw name="Set To Dictionary" library="Collections">
<arg>${Test_Data}</arg>
<arg>${HEAD[${i}]}=${DATA[${i}]}</arg>
<doc>Adds the given ``key_value_pairs`` and ``items`` to the ``dictionary``.</doc>
<status status="PASS" starttime="20220809 17:43:10.975" endtime="20220809 17:43:10.975"/>
</kw>
<status status="PASS" starttime="20220809 17:43:10.975" endtime="20220809 17:43:10.975"/>
</iter>
<iter>
<var name="${i}">17</var>
<kw name="Set To Dictionary" library="Collections">
<arg>${Test_Data}</arg>
<arg>${HEAD[${i}]}=${DATA[${i}]}</arg>
<doc>Adds the given ``key_value_pairs`` and ``items`` to the ``dictionary``.</doc>
<status status="PASS" starttime="20220809 17:43:10.975" endtime="20220809 17:43:10.975"/>
</kw>
<status status="PASS" starttime="20220809 17:43:10.975" endtime="20220809 17:43:10.975"/>
</iter>
<iter>
<var name="${i}">18</var>
<kw name="Set To Dictionary" library="Collections">
<arg>${Test_Data}</arg>
<arg>${HEAD[${i}]}=${DATA[${i}]}</arg>
<doc>Adds the given ``key_value_pairs`` and ``items`` to the ``dictionary``.</doc>
<status status="PASS" starttime="20220809 17:43:10.975" endtime="20220809 17:43:10.991"/>
</kw>
<status status="PASS" starttime="20220809 17:43:10.975" endtime="20220809 17:43:10.991"/>
</iter>
<iter>
<var name="${i}">19</var>
<kw name="Set To Dictionary" library="Collections">
<arg>${Test_Data}</arg>
<arg>${HEAD[${i}]}=${DATA[${i}]}</arg>
<doc>Adds the given ``key_value_pairs`` and ``items`` to the ``dictionary``.</doc>
<status status="PASS" starttime="20220809 17:43:10.992" endtime="20220809 17:43:10.999"/>
</kw>
<status status="PASS" starttime="20220809 17:43:10.992" endtime="20220809 17:43:10.999"/>
</iter>
<iter>
<var name="${i}">20</var>
<kw name="Set To Dictionary" library="Collections">
<arg>${Test_Data}</arg>
<arg>${HEAD[${i}]}=${DATA[${i}]}</arg>
<doc>Adds the given ``key_value_pairs`` and ``items`` to the ``dictionary``.</doc>
<status status="PASS" starttime="20220809 17:43:10.999" endtime="20220809 17:43:11.006"/>
</kw>
<status status="PASS" starttime="20220809 17:43:10.999" endtime="20220809 17:43:11.006"/>
</iter>
<iter>
<var name="${i}">21</var>
<kw name="Set To Dictionary" library="Collections">
<arg>${Test_Data}</arg>
<arg>${HEAD[${i}]}=${DATA[${i}]}</arg>
<doc>Adds the given ``key_value_pairs`` and ``items`` to the ``dictionary``.</doc>
<status status="PASS" starttime="20220809 17:43:11.006" endtime="20220809 17:43:11.012"/>
</kw>
<status status="PASS" starttime="20220809 17:43:11.006" endtime="20220809 17:43:11.012"/>
</iter>
<iter>
<var name="${i}">22</var>
<kw name="Set To Dictionary" library="Collections">
<arg>${Test_Data}</arg>
<arg>${HEAD[${i}]}=${DATA[${i}]}</arg>
<doc>Adds the given ``key_value_pairs`` and ``items`` to the ``dictionary``.</doc>
<status status="PASS" starttime="20220809 17:43:11.013" endtime="20220809 17:43:11.015"/>
</kw>
<status status="PASS" starttime="20220809 17:43:11.012" endtime="20220809 17:43:11.015"/>
</iter>
<iter>
<var name="${i}">23</var>
<kw name="Set To Dictionary" library="Collections">
<arg>${Test_Data}</arg>
<arg>${HEAD[${i}]}=${DATA[${i}]}</arg>
<doc>Adds the given ``key_value_pairs`` and ``items`` to the ``dictionary``.</doc>
<status status="PASS" starttime="20220809 17:43:11.015" endtime="20220809 17:43:11.015"/>
</kw>
<status status="PASS" starttime="20220809 17:43:11.015" endtime="20220809 17:43:11.015"/>
</iter>
<status status="PASS" starttime="20220809 17:43:10.882" endtime="20220809 17:43:11.015"/>
</for>
<kw name="Log Dictionary" library="Collections">
<arg>${Test_Data}</arg>
<doc>Logs the size and contents of the ``dictionary`` using given ``level``.</doc>
<msg timestamp="20220809 17:43:11.015" level="INFO">Dictionary size is 24 and it contains following items:
 TestResult: None
ExpectedApi: None
ExpectedRespone: None
Test Description: None
TestCaseNumber: UI1002_001
actualRespone: None
method: edit
password: Pass@0522
remenber: True
role.code: AD900
role.details: Edit QA Automate
user.birthdate: None
user.confirmpassword: None
user.department: None
user.email: None
user.firstname: None
user.gender: None
user.lastname: None
user.password: None
user.position: None
user.status: None
user.username: None
user.workstart: None
username: sopawans@viriyah.co.th</msg>
<status status="PASS" starttime="20220809 17:43:11.015" endtime="20220809 17:43:11.015"/>
</kw>
<msg timestamp="20220809 17:43:11.015" level="INFO">${data_test} = {' TestResult': None, 'ExpectedApi': None, 'ExpectedRespone': None, 'actualRespone': None, 'TestCaseNumber': 'UI1002_001', 'Test Description': None, 'username': 'sopawans@viriyah.co.th', 'password': '...</msg>
<status status="PASS" starttime="20220809 17:43:10.755" endtime="20220809 17:43:11.015"/>
</kw>
<kw name="Run Keyword If" library="BuiltIn">
<arg>${rowNo} &lt; 5</arg>
<arg>Setting_User</arg>
<arg>${data_test}</arg>
<arg>ELSE IF</arg>
<arg>4 &lt; ${rowNo} &lt; 8</arg>
<arg>Setting_Role</arg>
<arg>${data_test}</arg>
<doc>Runs the given keyword with the given arguments, if ``condition`` is true.</doc>
<kw name="Setting_Role" library="Web_Keywords">
<arg>${data_test}</arg>
<kw name="Login_PDPA_Management" library="Web_Keywords">
<arg>${data_test}</arg>
<kw name="OpenWebPdpa" library="Web_Keywords">
<arg>${URL}</arg>
<arg>${BrowserChrome}</arg>
<kw name="Open Browser" library="Selenium2Library">
<arg>${URL}</arg>
<arg>${Browser}</arg>
<doc>Opens a new browser instance to the optional ``url``.</doc>
<msg timestamp="20220809 17:43:11.015" level="INFO">Opening browser 'Chrome' to base url 'https://vpdpa.viriyah.co.th/'.</msg>
<status status="PASS" starttime="20220809 17:43:11.015" endtime="20220809 17:43:14.334"/>
</kw>
<kw name="Maximize Browser Window" library="Selenium2Library">
<doc>Maximizes current browser window.</doc>
<status status="PASS" starttime="20220809 17:43:14.335" endtime="20220809 17:43:14.470"/>
</kw>
<status status="PASS" starttime="20220809 17:43:11.015" endtime="20220809 17:43:14.470"/>
</kw>
<kw name="InputUserName" library="Web_Keywords">
<arg>${TXT_USERNAME}</arg>
<arg>${data_test['username']}</arg>
<kw name="InputValue" library="Web_Keywords">
<arg>${locator}</arg>
<arg>${value_user}</arg>
<kw name="Wait Until Element Is Visible" library="Selenium2Library">
<arg>${locator}</arg>
<arg>${timeout}</arg>
<doc>Waits until the element ``locator`` is visible.</doc>
<status status="PASS" starttime="20220809 17:43:14.470" endtime="20220809 17:43:14.517"/>
</kw>
<kw name="Input Text" library="Selenium2Library">
<arg>${locator}</arg>
<arg>${value}</arg>
<doc>Types the given ``text`` into the text field identified by ``locator``.</doc>
<msg timestamp="20220809 17:43:14.517" level="INFO">Typing text 'sopawans@viriyah.co.th' into text field 'xpath=//input[@id="txt_username"]'.</msg>
<status status="PASS" starttime="20220809 17:43:14.517" endtime="20220809 17:43:14.776"/>
</kw>
<status status="PASS" starttime="20220809 17:43:14.470" endtime="20220809 17:43:14.777"/>
</kw>
<status status="PASS" starttime="20220809 17:43:14.470" endtime="20220809 17:43:14.777"/>
</kw>
<kw name="InputPassword" library="Web_Keywords">
<arg>${TXT_PASSWORD}</arg>
<arg>${data_test['password']}</arg>
<kw name="InputValue" library="Web_Keywords">
<arg>${locator}</arg>
<arg>${value_pass}</arg>
<kw name="Wait Until Element Is Visible" library="Selenium2Library">
<arg>${locator}</arg>
<arg>${timeout}</arg>
<doc>Waits until the element ``locator`` is visible.</doc>
<status status="PASS" starttime="20220809 17:43:14.780" endtime="20220809 17:43:14.810"/>
</kw>
<kw name="Input Text" library="Selenium2Library">
<arg>${locator}</arg>
<arg>${value}</arg>
<doc>Types the given ``text`` into the text field identified by ``locator``.</doc>
<msg timestamp="20220809 17:43:14.811" level="INFO">Typing text 'Pass@0522' into text field 'xpath=//input[@id="txt_password"]'.</msg>
<status status="PASS" starttime="20220809 17:43:14.810" endtime="20220809 17:43:14.936"/>
</kw>
<status status="PASS" starttime="20220809 17:43:14.779" endtime="20220809 17:43:14.936"/>
</kw>
<status status="PASS" starttime="20220809 17:43:14.777" endtime="20220809 17:43:14.937"/>
</kw>
<kw name="Run Keyword If" library="BuiltIn">
<arg>'${data_test['remenber']}' == 'True'</arg>
<arg>Click Element</arg>
<arg>${CHK_REMEMBER}</arg>
<arg>ELSE</arg>
<arg>Log</arg>
<arg>False</arg>
<doc>Runs the given keyword with the given arguments, if ``condition`` is true.</doc>
<kw name="Click Element" library="Selenium2Library">
<arg>${CHK_REMEMBER}</arg>
<doc>Click the element identified by ``locator``.</doc>
<msg timestamp="20220809 17:43:14.940" level="INFO">Clicking element 'xpath=//div[@id="chkbx_remember"]/div/span[2]'.</msg>
<status status="PASS" starttime="20220809 17:43:14.939" endtime="20220809 17:43:15.013"/>
</kw>
<status status="PASS" starttime="20220809 17:43:14.937" endtime="20220809 17:43:15.013"/>
</kw>
<kw name="Click Element" library="Selenium2Library">
<arg>${BTN_LOGIN}</arg>
<doc>Click the element identified by ``locator``.</doc>
<msg timestamp="20220809 17:43:15.013" level="INFO">Clicking element 'xpath=//button[@id="btn_login"]'.</msg>
<status status="PASS" starttime="20220809 17:43:15.013" endtime="20220809 17:43:15.212"/>
</kw>
<status status="PASS" starttime="20220809 17:43:11.015" endtime="20220809 17:43:15.213"/>
</kw>
<kw name="Select_Menu_setting" library="Web_Keywords">
<kw name="Wait Until Element Is Visible" library="Selenium2Library">
<arg>${BTN_Profile}</arg>
<arg>${timeout}</arg>
<doc>Waits until the element ``locator`` is visible.</doc>
<status status="PASS" starttime="20220809 17:43:15.215" endtime="20220809 17:43:20.429"/>
</kw>
<kw name="Click Element" library="Selenium2Library">
<arg>${BTN_MENU}</arg>
<doc>Click the element identified by ``locator``.</doc>
<msg timestamp="20220809 17:43:20.430" level="INFO">Clicking element 'xpath=/html/body/div[3]/div[1]/div[1]/div/nav/div/a/div/div[1]/div/div[2]'.</msg>
<status status="PASS" starttime="20220809 17:43:20.430" endtime="20220809 17:43:20.559"/>
</kw>
<kw name="Sleep" library="BuiltIn">
<arg>2s</arg>
<doc>Pauses the test executed for the given time.</doc>
<msg timestamp="20220809 17:43:22.573" level="INFO">Slept 2 seconds</msg>
<status status="PASS" starttime="20220809 17:43:20.559" endtime="20220809 17:43:22.573"/>
</kw>
<kw name="Wait Until Element Is Visible" library="Selenium2Library">
<arg>${BTN_MENU_SETTING}</arg>
<arg>${timeout}</arg>
<doc>Waits until the element ``locator`` is visible.</doc>
<status status="PASS" starttime="20220809 17:43:22.573" endtime="20220809 17:43:22.605"/>
</kw>
<kw name="Click Element" library="Selenium2Library">
<arg>${BTN_MENU_SETTING}</arg>
<doc>Click the element identified by ``locator``.</doc>
<msg timestamp="20220809 17:43:22.605" level="INFO">Clicking element 'xpath=//span[contains(text(),'Settings')]/../img'.</msg>
<status status="PASS" starttime="20220809 17:43:22.605" endtime="20220809 17:43:22.711"/>
</kw>
<status status="PASS" starttime="20220809 17:43:15.213" endtime="20220809 17:43:22.711"/>
</kw>
<kw name="SubMenu_Role" library="Web_Keywords">
<arg>${data_test}</arg>
<kw name="Wait Until Element Is Visible" library="Selenium2Library">
<arg>${MENU_ROLE}</arg>
<arg>${timeout}</arg>
<doc>Waits until the element ``locator`` is visible.</doc>
<status status="PASS" starttime="20220809 17:43:22.712" endtime="20220809 17:43:22.827"/>
</kw>
<kw name="Click Element" library="Selenium2Library">
<arg>${MENU_ROLE}</arg>
<doc>Click the element identified by ``locator``.</doc>
<msg timestamp="20220809 17:43:22.828" level="INFO">Clicking element 'xpath=//li[@data-item-id="SETTING_ROLE"]'.</msg>
<status status="PASS" starttime="20220809 17:43:22.828" endtime="20220809 17:43:23.047"/>
</kw>
<kw name="Wait Until Element Is Visible" library="Selenium2Library">
<arg>${HEADER_MENU_ROLE}</arg>
<arg>${timeout}</arg>
<doc>Waits until the element ``locator`` is visible.</doc>
<status status="PASS" starttime="20220809 17:43:23.050" endtime="20220809 17:43:24.546"/>
</kw>
<kw name="Run Keyword If" library="BuiltIn">
<arg>'${data_test['method']}'=='add'</arg>
<arg>AddRole</arg>
<arg>${data_test}</arg>
<arg>ELSE IF</arg>
<arg>'${data_test['method']}'=='edit'</arg>
<arg>EditRole</arg>
<arg>${data_test}</arg>
<arg>ELSE</arg>
<arg>DeleteRole</arg>
<doc>Runs the given keyword with the given arguments, if ``condition`` is true.</doc>
<kw name="EditRole" library="Web_Keywords">
<arg>${data_test}</arg>
<kw name="Wait Until Element Is Visible" library="Selenium2Library">
<arg>xpath=//*[@id="gridContainer"]/div/div[6]/div[2]/table/tbody/tr[1]/td[1]/a[1]</arg>
<arg>${timeout}</arg>
<doc>Waits until the element ``locator`` is visible.</doc>
<status status="PASS" starttime="20220809 17:43:24.553" endtime="20220809 17:43:24.584"/>
</kw>
<kw name="Click Element" library="Selenium2Library">
<arg>xpath=//*[@id="gridContainer"]/div/div[6]/div[2]/table/tbody/tr[1]/td[1]/a[1]</arg>
<doc>Click the element identified by ``locator``.</doc>
<msg timestamp="20220809 17:43:24.585" level="INFO">Clicking element 'xpath=//*[@id="gridContainer"]/div/div[6]/div[2]/table/tbody/tr[1]/td[1]/a[1]'.</msg>
<status status="PASS" starttime="20220809 17:43:24.585" endtime="20220809 17:43:25.484"/>
</kw>
<kw name="Wait Until Element Is Visible" library="Selenium2Library">
<arg>${HEADER_EDIT_ROLE}</arg>
<arg>${timeout}</arg>
<doc>Waits until the element ``locator`` is visible.</doc>
<status status="PASS" starttime="20220809 17:43:25.485" endtime="20220809 17:43:25.752"/>
</kw>
<kw name="InputValue" library="Web_Keywords">
<arg>${TXT_ROLE_CODE}</arg>
<arg>${data_test['role.code']}</arg>
<kw name="Wait Until Element Is Visible" library="Selenium2Library">
<arg>${locator}</arg>
<arg>${timeout}</arg>
<doc>Waits until the element ``locator`` is visible.</doc>
<status status="PASS" starttime="20220809 17:43:25.755" endtime="20220809 17:43:25.779"/>
</kw>
<kw name="Input Text" library="Selenium2Library">
<arg>${locator}</arg>
<arg>${value}</arg>
<doc>Types the given ``text`` into the text field identified by ``locator``.</doc>
<msg timestamp="20220809 17:43:25.781" level="INFO">Typing text 'AD900' into text field 'xpath=//div[@title="รหัสสิทธ์การใช้งาน"]/..//input'.</msg>
<status status="PASS" starttime="20220809 17:43:25.780" endtime="20220809 17:43:25.929"/>
</kw>
<status status="PASS" starttime="20220809 17:43:25.752" endtime="20220809 17:43:25.930"/>
</kw>
<kw name="InputValue" library="Web_Keywords">
<arg>${TXT_ROLD_DETAIL}</arg>
<arg>${data_test['role.details']}</arg>
<kw name="Wait Until Element Is Visible" library="Selenium2Library">
<arg>${locator}</arg>
<arg>${timeout}</arg>
<doc>Waits until the element ``locator`` is visible.</doc>
<status status="PASS" starttime="20220809 17:43:25.934" endtime="20220809 17:43:25.959"/>
</kw>
<kw name="Input Text" library="Selenium2Library">
<arg>${locator}</arg>
<arg>${value}</arg>
<doc>Types the given ``text`` into the text field identified by ``locator``.</doc>
<msg timestamp="20220809 17:43:25.960" level="INFO">Typing text 'Edit QA Automate' into text field 'xpath=//div[@title="รายละเอียด"]/..//textarea'.</msg>
<status status="PASS" starttime="20220809 17:43:25.959" endtime="20220809 17:43:26.121"/>
</kw>
<status status="PASS" starttime="20220809 17:43:25.931" endtime="20220809 17:43:26.121"/>
</kw>
<kw name="Wait Until Element Is Visible" library="Selenium2Library">
<arg>xpath=//tbody/tr[26]//a[@title="Approve"]</arg>
<arg>${timeout}</arg>
<doc>Waits until the element ``locator`` is visible.</doc>
<status status="PASS" starttime="20220809 17:43:26.121" endtime="20220809 17:43:30.879"/>
</kw>
<kw name="Click Element" library="Selenium2Library">
<arg>xpath=//tbody/tr[26]//a[@title="Approve"]</arg>
<doc>Click the element identified by ``locator``.</doc>
<msg timestamp="20220809 17:43:30.879" level="INFO">Clicking element 'xpath=//tbody/tr[26]//a[@title="Approve"]'.</msg>
<status status="PASS" starttime="20220809 17:43:30.879" endtime="20220809 17:43:31.191"/>
</kw>
<kw name="Wait Until Element Is Visible" library="Selenium2Library">
<arg>${BTN_CLOSE_POPUP}</arg>
<arg>${timeout}</arg>
<doc>Waits until the element ``locator`` is visible.</doc>
<status status="PASS" starttime="20220809 17:43:31.191" endtime="20220809 17:43:31.261"/>
</kw>
<kw name="Click Element" library="Selenium2Library">
<arg>${BTN_CLOSE_POPUP}</arg>
<doc>Click the element identified by ``locator``.</doc>
<msg timestamp="20220809 17:43:31.264" level="INFO">Clicking element 'xpath=//div[@class="dx-closebutton dx-button dx-button-normal dx-button-mode-text dx-widget dx-button-has-icon"]'.</msg>
<status status="PASS" starttime="20220809 17:43:31.262" endtime="20220809 17:43:31.490"/>
</kw>
<kw name="Click Element" library="Selenium2Library">
<arg>xpath=//tbody/tr[35]//a[@title="Approve"]</arg>
<doc>Click the element identified by ``locator``.</doc>
<msg timestamp="20220809 17:43:31.491" level="INFO">Clicking element 'xpath=//tbody/tr[35]//a[@title="Approve"]'.</msg>
<status status="PASS" starttime="20220809 17:43:31.490" endtime="20220809 17:43:31.955"/>
</kw>
<kw name="Wait Until Element Is Visible" library="Selenium2Library">
<arg>xpath=//div[@id="btnCancel"]</arg>
<arg>${timeout}</arg>
<doc>Waits until the element ``locator`` is visible.</doc>
<status status="PASS" starttime="20220809 17:43:31.956" endtime="20220809 17:43:32.106"/>
</kw>
<kw name="Click Element" library="Selenium2Library">
<arg>xpath=//div[@id="btnCancel"]</arg>
<doc>Click the element identified by ``locator``.</doc>
<msg timestamp="20220809 17:43:32.107" level="INFO">Clicking element 'xpath=//div[@id="btnCancel"]'.</msg>
<status status="PASS" starttime="20220809 17:43:32.107" endtime="20220809 17:43:32.212"/>
</kw>
<kw name="Sleep" library="BuiltIn">
<arg>5s</arg>
<doc>Pauses the test executed for the given time.</doc>
<msg timestamp="20220809 17:43:37.222" level="INFO">Slept 5 seconds</msg>
<status status="PASS" starttime="20220809 17:43:32.212" endtime="20220809 17:43:37.222"/>
</kw>
<kw name="Execute Javascript" library="Selenium2Library">
<arg>window.scrollTo(0, 0);</arg>
<doc>Executes the given JavaScript code with possible arguments.</doc>
<msg timestamp="20220809 17:43:37.223" level="INFO">Executing JavaScript:
window.scrollTo(0, 0);
Without any arguments.</msg>
<status status="PASS" starttime="20220809 17:43:37.222" endtime="20220809 17:43:37.256"/>
</kw>
<kw name="Wait Until Element Is Visible" library="Selenium2Library">
<arg>${BTN_SAVE}</arg>
<arg>${timeout}</arg>
<doc>Waits until the element ``locator`` is visible.</doc>
<status status="PASS" starttime="20220809 17:43:37.257" endtime="20220809 17:43:37.316"/>
</kw>
<kw name="Click Element" library="Selenium2Library">
<arg>${BTN_SAVE}</arg>
<doc>Click the element identified by ``locator``.</doc>
<msg timestamp="20220809 17:43:37.316" level="INFO">Clicking element 'xpath=//div[@id="icon-save"]'.</msg>
<status status="PASS" starttime="20220809 17:43:37.316" endtime="20220809 17:43:37.410"/>
</kw>
<kw name="Wait Until Element Is Visible" library="Selenium2Library">
<arg>${MENU_ROLE}</arg>
<arg>${timeout}</arg>
<doc>Waits until the element ``locator`` is visible.</doc>
<status status="PASS" starttime="20220809 17:43:37.410" endtime="20220809 17:43:37.442"/>
</kw>
<kw name="Close Browser" library="Selenium2Library">
<doc>Closes the current browser.</doc>
<status status="PASS" starttime="20220809 17:43:37.442" endtime="20220809 17:43:40.129"/>
</kw>
<status status="PASS" starttime="20220809 17:43:24.552" endtime="20220809 17:43:40.129"/>
</kw>
<status status="PASS" starttime="20220809 17:43:24.546" endtime="20220809 17:43:40.129"/>
</kw>
<status status="PASS" starttime="20220809 17:43:22.711" endtime="20220809 17:43:40.129"/>
</kw>
<status status="PASS" starttime="20220809 17:43:11.015" endtime="20220809 17:43:40.129"/>
</kw>
<status status="PASS" starttime="20220809 17:43:11.015" endtime="20220809 17:43:40.129"/>
</kw>
<status status="PASS" starttime="20220809 17:43:10.748" endtime="20220809 17:43:40.129"/>
</kw>
<kw name="PDPAManagement" library="Web_Keywords">
<arg>7</arg>
<arg>200</arg>
<arg>UI1002_002</arg>
<kw name="Read_Excel_For_Test" library="ExcelKeyword">
<var>${data_test}</var>
<arg>${EXCEL_NAME}</arg>
<arg>${SHEET_NAME}</arg>
<arg>${rowNo}</arg>
<kw name="Open Excel Document" library="ExcelLibraryV2">
<arg>${fileExcel}</arg>
<arg>Test</arg>
<arg>True</arg>
<doc>Opens xlsx document file.</doc>
<status status="PASS" starttime="20220809 17:43:40.148" endtime="20220809 17:43:40.263"/>
</kw>
<kw name="Get List Sheet Names" library="ExcelLibraryV2">
<var>${sheets}</var>
<doc>Returns a list of sheet names in the current document.</doc>
<msg timestamp="20220809 17:43:40.263" level="INFO">${sheets} = ['CollectionPointList', 'CollectionPointInfo', 'GeneralConsentList', 'GeneralConsentInfo', 'GeneralConsentSubmit', 'HealthCheckLiveness', 'UI', 'HealthCheckReadiness']</msg>
<status status="PASS" starttime="20220809 17:43:40.263" endtime="20220809 17:43:40.263"/>
</kw>
<kw name="List Should Contain Value" library="Collections">
<arg>${sheets}</arg>
<arg>${sheetName}</arg>
<doc>Fails if the ``value`` is not found from ``list``.</doc>
<status status="PASS" starttime="20220809 17:43:40.263" endtime="20220809 17:43:40.263"/>
</kw>
<kw name="Read Excel Row" library="ExcelLibraryV2">
<var>@{HEAD}</var>
<arg>row_num=1</arg>
<arg>sheet_name=${sheetName}</arg>
<doc>Returns content of a row from the current sheet of the document.</doc>
<msg timestamp="20220809 17:43:40.263" level="INFO">@{HEAD} = [  TestResult | ExpectedApi | ExpectedRespone | actualRespone | TestCaseNumber | Test Description | username | password | remenber | method | user.firstname | user.lastname | user.gender | user.birthd...</msg>
<status status="PASS" starttime="20220809 17:43:40.263" endtime="20220809 17:43:40.263"/>
</kw>
<kw name="Read Excel Row" library="ExcelLibraryV2">
<var>@{DATA}</var>
<arg>row_num=${rowNo}</arg>
<arg>sheet_name=${sheetName}</arg>
<doc>Returns content of a row from the current sheet of the document.</doc>
<msg timestamp="20220809 17:43:40.279" level="INFO">@{DATA} = [ None | None | None | None | UI1002_002 | None | sopawans@viriyah.co.th | Pass@0522 | True | delete | None | None | None | None | None | None | None | None | None | None | None | None | None | None ]</msg>
<status status="PASS" starttime="20220809 17:43:40.263" endtime="20220809 17:43:40.279"/>
</kw>
<kw name="Log List" library="Collections">
<arg>${HEAD}</arg>
<doc>Logs the length and contents of the ``list`` using given ``level``.</doc>
<msg timestamp="20220809 17:43:40.279" level="INFO">List length is 24 and it contains following items:
0:  TestResult
1: ExpectedApi
2: ExpectedRespone
3: actualRespone
4: TestCaseNumber
5: Test Description
6: username
7: password
8: remenber
9: method
10: user.firstname
11: user.lastname
12: user.gender
13: user.birthdate
14: user.email
15: user.username
16: user.password
17: user.confirmpassword
18: user.status
19: user.department
20: user.position
21: user.workstart
22: role.code
23: role.details</msg>
<status status="PASS" starttime="20220809 17:43:40.279" endtime="20220809 17:43:40.279"/>
</kw>
<kw name="Log List" library="Collections">
<arg>${DATA}</arg>
<doc>Logs the length and contents of the ``list`` using given ``level``.</doc>
<msg timestamp="20220809 17:43:40.279" level="INFO">List length is 24 and it contains following items:
0: None
1: None
2: None
3: None
4: UI1002_002
5: None
6: sopawans@viriyah.co.th
7: Pass@0522
8: True
9: delete
10: None
11: None
12: None
13: None
14: None
15: None
16: None
17: None
18: None
19: None
20: None
21: None
22: None
23: None</msg>
<status status="PASS" starttime="20220809 17:43:40.279" endtime="20220809 17:43:40.279"/>
</kw>
<kw name="Close All Excel Documents" library="ExcelLibraryV2">
<doc>Closes all opened documents.</doc>
<status status="PASS" starttime="20220809 17:43:40.279" endtime="20220809 17:43:40.279"/>
</kw>
<kw name="Create Dictionary" library="BuiltIn">
<var>${Test_Data}</var>
<doc>Creates and returns a dictionary based on the given ``items``.</doc>
<msg timestamp="20220809 17:43:40.279" level="INFO">${Test_Data} = {}</msg>
<status status="PASS" starttime="20220809 17:43:40.279" endtime="20220809 17:43:40.279"/>
</kw>
<kw name="Get Length" library="BuiltIn">
<var>${length}</var>
<arg>${DATA}</arg>
<doc>Returns and logs the length of the given item as an integer.</doc>
<msg timestamp="20220809 17:43:40.279" level="INFO">Length is 24</msg>
<msg timestamp="20220809 17:43:40.279" level="INFO">${length} = 24</msg>
<status status="PASS" starttime="20220809 17:43:40.279" endtime="20220809 17:43:40.279"/>
</kw>
<for flavor="IN RANGE">
<var>${i}</var>
<value>0</value>
<value>${length}</value>
<iter>
<var name="${i}">0</var>
<kw name="Set To Dictionary" library="Collections">
<arg>${Test_Data}</arg>
<arg>${HEAD[${i}]}=${DATA[${i}]}</arg>
<doc>Adds the given ``key_value_pairs`` and ``items`` to the ``dictionary``.</doc>
<status status="PASS" starttime="20220809 17:43:40.279" endtime="20220809 17:43:40.279"/>
</kw>
<status status="PASS" starttime="20220809 17:43:40.279" endtime="20220809 17:43:40.279"/>
</iter>
<iter>
<var name="${i}">1</var>
<kw name="Set To Dictionary" library="Collections">
<arg>${Test_Data}</arg>
<arg>${HEAD[${i}]}=${DATA[${i}]}</arg>
<doc>Adds the given ``key_value_pairs`` and ``items`` to the ``dictionary``.</doc>
<status status="PASS" starttime="20220809 17:43:40.279" endtime="20220809 17:43:40.279"/>
</kw>
<status status="PASS" starttime="20220809 17:43:40.279" endtime="20220809 17:43:40.279"/>
</iter>
<iter>
<var name="${i}">2</var>
<kw name="Set To Dictionary" library="Collections">
<arg>${Test_Data}</arg>
<arg>${HEAD[${i}]}=${DATA[${i}]}</arg>
<doc>Adds the given ``key_value_pairs`` and ``items`` to the ``dictionary``.</doc>
<status status="PASS" starttime="20220809 17:43:40.279" endtime="20220809 17:43:40.294"/>
</kw>
<status status="PASS" starttime="20220809 17:43:40.279" endtime="20220809 17:43:40.294"/>
</iter>
<iter>
<var name="${i}">3</var>
<kw name="Set To Dictionary" library="Collections">
<arg>${Test_Data}</arg>
<arg>${HEAD[${i}]}=${DATA[${i}]}</arg>
<doc>Adds the given ``key_value_pairs`` and ``items`` to the ``dictionary``.</doc>
<status status="PASS" starttime="20220809 17:43:40.294" endtime="20220809 17:43:40.294"/>
</kw>
<status status="PASS" starttime="20220809 17:43:40.294" endtime="20220809 17:43:40.294"/>
</iter>
<iter>
<var name="${i}">4</var>
<kw name="Set To Dictionary" library="Collections">
<arg>${Test_Data}</arg>
<arg>${HEAD[${i}]}=${DATA[${i}]}</arg>
<doc>Adds the given ``key_value_pairs`` and ``items`` to the ``dictionary``.</doc>
<status status="PASS" starttime="20220809 17:43:40.294" endtime="20220809 17:43:40.294"/>
</kw>
<status status="PASS" starttime="20220809 17:43:40.294" endtime="20220809 17:43:40.294"/>
</iter>
<iter>
<var name="${i}">5</var>
<kw name="Set To Dictionary" library="Collections">
<arg>${Test_Data}</arg>
<arg>${HEAD[${i}]}=${DATA[${i}]}</arg>
<doc>Adds the given ``key_value_pairs`` and ``items`` to the ``dictionary``.</doc>
<status status="PASS" starttime="20220809 17:43:40.294" endtime="20220809 17:43:40.310"/>
</kw>
<status status="PASS" starttime="20220809 17:43:40.294" endtime="20220809 17:43:40.310"/>
</iter>
<iter>
<var name="${i}">6</var>
<kw name="Set To Dictionary" library="Collections">
<arg>${Test_Data}</arg>
<arg>${HEAD[${i}]}=${DATA[${i}]}</arg>
<doc>Adds the given ``key_value_pairs`` and ``items`` to the ``dictionary``.</doc>
<status status="PASS" starttime="20220809 17:43:40.310" endtime="20220809 17:43:40.310"/>
</kw>
<status status="PASS" starttime="20220809 17:43:40.310" endtime="20220809 17:43:40.310"/>
</iter>
<iter>
<var name="${i}">7</var>
<kw name="Set To Dictionary" library="Collections">
<arg>${Test_Data}</arg>
<arg>${HEAD[${i}]}=${DATA[${i}]}</arg>
<doc>Adds the given ``key_value_pairs`` and ``items`` to the ``dictionary``.</doc>
<status status="PASS" starttime="20220809 17:43:40.310" endtime="20220809 17:43:40.310"/>
</kw>
<status status="PASS" starttime="20220809 17:43:40.310" endtime="20220809 17:43:40.310"/>
</iter>
<iter>
<var name="${i}">8</var>
<kw name="Set To Dictionary" library="Collections">
<arg>${Test_Data}</arg>
<arg>${HEAD[${i}]}=${DATA[${i}]}</arg>
<doc>Adds the given ``key_value_pairs`` and ``items`` to the ``dictionary``.</doc>
<status status="PASS" starttime="20220809 17:43:40.310" endtime="20220809 17:43:40.326"/>
</kw>
<status status="PASS" starttime="20220809 17:43:40.310" endtime="20220809 17:43:40.326"/>
</iter>
<iter>
<var name="${i}">9</var>
<kw name="Set To Dictionary" library="Collections">
<arg>${Test_Data}</arg>
<arg>${HEAD[${i}]}=${DATA[${i}]}</arg>
<doc>Adds the given ``key_value_pairs`` and ``items`` to the ``dictionary``.</doc>
<status status="PASS" starttime="20220809 17:43:40.326" endtime="20220809 17:43:40.326"/>
</kw>
<status status="PASS" starttime="20220809 17:43:40.326" endtime="20220809 17:43:40.326"/>
</iter>
<iter>
<var name="${i}">10</var>
<kw name="Set To Dictionary" library="Collections">
<arg>${Test_Data}</arg>
<arg>${HEAD[${i}]}=${DATA[${i}]}</arg>
<doc>Adds the given ``key_value_pairs`` and ``items`` to the ``dictionary``.</doc>
<status status="PASS" starttime="20220809 17:43:40.326" endtime="20220809 17:43:40.326"/>
</kw>
<status status="PASS" starttime="20220809 17:43:40.326" endtime="20220809 17:43:40.326"/>
</iter>
<iter>
<var name="${i}">11</var>
<kw name="Set To Dictionary" library="Collections">
<arg>${Test_Data}</arg>
<arg>${HEAD[${i}]}=${DATA[${i}]}</arg>
<doc>Adds the given ``key_value_pairs`` and ``items`` to the ``dictionary``.</doc>
<status status="PASS" starttime="20220809 17:43:40.326" endtime="20220809 17:43:40.343"/>
</kw>
<status status="PASS" starttime="20220809 17:43:40.326" endtime="20220809 17:43:40.343"/>
</iter>
<iter>
<var name="${i}">12</var>
<kw name="Set To Dictionary" library="Collections">
<arg>${Test_Data}</arg>
<arg>${HEAD[${i}]}=${DATA[${i}]}</arg>
<doc>Adds the given ``key_value_pairs`` and ``items`` to the ``dictionary``.</doc>
<status status="PASS" starttime="20220809 17:43:40.343" endtime="20220809 17:43:40.343"/>
</kw>
<status status="PASS" starttime="20220809 17:43:40.343" endtime="20220809 17:43:40.343"/>
</iter>
<iter>
<var name="${i}">13</var>
<kw name="Set To Dictionary" library="Collections">
<arg>${Test_Data}</arg>
<arg>${HEAD[${i}]}=${DATA[${i}]}</arg>
<doc>Adds the given ``key_value_pairs`` and ``items`` to the ``dictionary``.</doc>
<status status="PASS" starttime="20220809 17:43:40.343" endtime="20220809 17:43:40.343"/>
</kw>
<status status="PASS" starttime="20220809 17:43:40.343" endtime="20220809 17:43:40.343"/>
</iter>
<iter>
<var name="${i}">14</var>
<kw name="Set To Dictionary" library="Collections">
<arg>${Test_Data}</arg>
<arg>${HEAD[${i}]}=${DATA[${i}]}</arg>
<doc>Adds the given ``key_value_pairs`` and ``items`` to the ``dictionary``.</doc>
<status status="PASS" starttime="20220809 17:43:40.343" endtime="20220809 17:43:40.358"/>
</kw>
<status status="PASS" starttime="20220809 17:43:40.343" endtime="20220809 17:43:40.358"/>
</iter>
<iter>
<var name="${i}">15</var>
<kw name="Set To Dictionary" library="Collections">
<arg>${Test_Data}</arg>
<arg>${HEAD[${i}]}=${DATA[${i}]}</arg>
<doc>Adds the given ``key_value_pairs`` and ``items`` to the ``dictionary``.</doc>
<status status="PASS" starttime="20220809 17:43:40.358" endtime="20220809 17:43:40.358"/>
</kw>
<status status="PASS" starttime="20220809 17:43:40.358" endtime="20220809 17:43:40.358"/>
</iter>
<iter>
<var name="${i}">16</var>
<kw name="Set To Dictionary" library="Collections">
<arg>${Test_Data}</arg>
<arg>${HEAD[${i}]}=${DATA[${i}]}</arg>
<doc>Adds the given ``key_value_pairs`` and ``items`` to the ``dictionary``.</doc>
<status status="PASS" starttime="20220809 17:43:40.358" endtime="20220809 17:43:40.358"/>
</kw>
<status status="PASS" starttime="20220809 17:43:40.358" endtime="20220809 17:43:40.358"/>
</iter>
<iter>
<var name="${i}">17</var>
<kw name="Set To Dictionary" library="Collections">
<arg>${Test_Data}</arg>
<arg>${HEAD[${i}]}=${DATA[${i}]}</arg>
<doc>Adds the given ``key_value_pairs`` and ``items`` to the ``dictionary``.</doc>
<status status="PASS" starttime="20220809 17:43:40.358" endtime="20220809 17:43:40.374"/>
</kw>
<status status="PASS" starttime="20220809 17:43:40.358" endtime="20220809 17:43:40.374"/>
</iter>
<iter>
<var name="${i}">18</var>
<kw name="Set To Dictionary" library="Collections">
<arg>${Test_Data}</arg>
<arg>${HEAD[${i}]}=${DATA[${i}]}</arg>
<doc>Adds the given ``key_value_pairs`` and ``items`` to the ``dictionary``.</doc>
<status status="PASS" starttime="20220809 17:43:40.374" endtime="20220809 17:43:40.374"/>
</kw>
<status status="PASS" starttime="20220809 17:43:40.374" endtime="20220809 17:43:40.374"/>
</iter>
<iter>
<var name="${i}">19</var>
<kw name="Set To Dictionary" library="Collections">
<arg>${Test_Data}</arg>
<arg>${HEAD[${i}]}=${DATA[${i}]}</arg>
<doc>Adds the given ``key_value_pairs`` and ``items`` to the ``dictionary``.</doc>
<status status="PASS" starttime="20220809 17:43:40.374" endtime="20220809 17:43:40.374"/>
</kw>
<status status="PASS" starttime="20220809 17:43:40.374" endtime="20220809 17:43:40.374"/>
</iter>
<iter>
<var name="${i}">20</var>
<kw name="Set To Dictionary" library="Collections">
<arg>${Test_Data}</arg>
<arg>${HEAD[${i}]}=${DATA[${i}]}</arg>
<doc>Adds the given ``key_value_pairs`` and ``items`` to the ``dictionary``.</doc>
<status status="PASS" starttime="20220809 17:43:40.374" endtime="20220809 17:43:40.389"/>
</kw>
<status status="PASS" starttime="20220809 17:43:40.374" endtime="20220809 17:43:40.389"/>
</iter>
<iter>
<var name="${i}">21</var>
<kw name="Set To Dictionary" library="Collections">
<arg>${Test_Data}</arg>
<arg>${HEAD[${i}]}=${DATA[${i}]}</arg>
<doc>Adds the given ``key_value_pairs`` and ``items`` to the ``dictionary``.</doc>
<status status="PASS" starttime="20220809 17:43:40.389" endtime="20220809 17:43:40.389"/>
</kw>
<status status="PASS" starttime="20220809 17:43:40.389" endtime="20220809 17:43:40.389"/>
</iter>
<iter>
<var name="${i}">22</var>
<kw name="Set To Dictionary" library="Collections">
<arg>${Test_Data}</arg>
<arg>${HEAD[${i}]}=${DATA[${i}]}</arg>
<doc>Adds the given ``key_value_pairs`` and ``items`` to the ``dictionary``.</doc>
<status status="PASS" starttime="20220809 17:43:40.389" endtime="20220809 17:43:40.389"/>
</kw>
<status status="PASS" starttime="20220809 17:43:40.389" endtime="20220809 17:43:40.389"/>
</iter>
<iter>
<var name="${i}">23</var>
<kw name="Set To Dictionary" library="Collections">
<arg>${Test_Data}</arg>
<arg>${HEAD[${i}]}=${DATA[${i}]}</arg>
<doc>Adds the given ``key_value_pairs`` and ``items`` to the ``dictionary``.</doc>
<status status="PASS" starttime="20220809 17:43:40.389" endtime="20220809 17:43:40.405"/>
</kw>
<status status="PASS" starttime="20220809 17:43:40.389" endtime="20220809 17:43:40.405"/>
</iter>
<status status="PASS" starttime="20220809 17:43:40.279" endtime="20220809 17:43:40.405"/>
</for>
<kw name="Log Dictionary" library="Collections">
<arg>${Test_Data}</arg>
<doc>Logs the size and contents of the ``dictionary`` using given ``level``.</doc>
<msg timestamp="20220809 17:43:40.405" level="INFO">Dictionary size is 24 and it contains following items:
 TestResult: None
ExpectedApi: None
ExpectedRespone: None
Test Description: None
TestCaseNumber: UI1002_002
actualRespone: None
method: delete
password: Pass@0522
remenber: True
role.code: None
role.details: None
user.birthdate: None
user.confirmpassword: None
user.department: None
user.email: None
user.firstname: None
user.gender: None
user.lastname: None
user.password: None
user.position: None
user.status: None
user.username: None
user.workstart: None
username: sopawans@viriyah.co.th</msg>
<status status="PASS" starttime="20220809 17:43:40.405" endtime="20220809 17:43:40.405"/>
</kw>
<msg timestamp="20220809 17:43:40.405" level="INFO">${data_test} = {' TestResult': None, 'ExpectedApi': None, 'ExpectedRespone': None, 'actualRespone': None, 'TestCaseNumber': 'UI1002_002', 'Test Description': None, 'username': 'sopawans@viriyah.co.th', 'password': '...</msg>
<status status="PASS" starttime="20220809 17:43:40.143" endtime="20220809 17:43:40.405"/>
</kw>
<kw name="Run Keyword If" library="BuiltIn">
<arg>${rowNo} &lt; 5</arg>
<arg>Setting_User</arg>
<arg>${data_test}</arg>
<arg>ELSE IF</arg>
<arg>4 &lt; ${rowNo} &lt; 8</arg>
<arg>Setting_Role</arg>
<arg>${data_test}</arg>
<doc>Runs the given keyword with the given arguments, if ``condition`` is true.</doc>
<kw name="Setting_Role" library="Web_Keywords">
<arg>${data_test}</arg>
<kw name="Login_PDPA_Management" library="Web_Keywords">
<arg>${data_test}</arg>
<kw name="OpenWebPdpa" library="Web_Keywords">
<arg>${URL}</arg>
<arg>${BrowserChrome}</arg>
<kw name="Open Browser" library="Selenium2Library">
<arg>${URL}</arg>
<arg>${Browser}</arg>
<doc>Opens a new browser instance to the optional ``url``.</doc>
<msg timestamp="20220809 17:43:40.405" level="INFO">Opening browser 'Chrome' to base url 'https://vpdpa.viriyah.co.th/'.</msg>
<status status="PASS" starttime="20220809 17:43:40.405" endtime="20220809 17:43:43.572"/>
</kw>
<kw name="Maximize Browser Window" library="Selenium2Library">
<doc>Maximizes current browser window.</doc>
<status status="PASS" starttime="20220809 17:43:43.573" endtime="20220809 17:43:43.710"/>
</kw>
<status status="PASS" starttime="20220809 17:43:40.405" endtime="20220809 17:43:43.710"/>
</kw>
<kw name="InputUserName" library="Web_Keywords">
<arg>${TXT_USERNAME}</arg>
<arg>${data_test['username']}</arg>
<kw name="InputValue" library="Web_Keywords">
<arg>${locator}</arg>
<arg>${value_user}</arg>
<kw name="Wait Until Element Is Visible" library="Selenium2Library">
<arg>${locator}</arg>
<arg>${timeout}</arg>
<doc>Waits until the element ``locator`` is visible.</doc>
<status status="PASS" starttime="20220809 17:43:43.710" endtime="20220809 17:43:43.797"/>
</kw>
<kw name="Input Text" library="Selenium2Library">
<arg>${locator}</arg>
<arg>${value}</arg>
<doc>Types the given ``text`` into the text field identified by ``locator``.</doc>
<msg timestamp="20220809 17:43:43.797" level="INFO">Typing text 'sopawans@viriyah.co.th' into text field 'xpath=//input[@id="txt_username"]'.</msg>
<status status="PASS" starttime="20220809 17:43:43.797" endtime="20220809 17:43:44.021"/>
</kw>
<status status="PASS" starttime="20220809 17:43:43.710" endtime="20220809 17:43:44.021"/>
</kw>
<status status="PASS" starttime="20220809 17:43:43.710" endtime="20220809 17:43:44.022"/>
</kw>
<kw name="InputPassword" library="Web_Keywords">
<arg>${TXT_PASSWORD}</arg>
<arg>${data_test['password']}</arg>
<kw name="InputValue" library="Web_Keywords">
<arg>${locator}</arg>
<arg>${value_pass}</arg>
<kw name="Wait Until Element Is Visible" library="Selenium2Library">
<arg>${locator}</arg>
<arg>${timeout}</arg>
<doc>Waits until the element ``locator`` is visible.</doc>
<status status="PASS" starttime="20220809 17:43:44.025" endtime="20220809 17:43:44.054"/>
</kw>
<kw name="Input Text" library="Selenium2Library">
<arg>${locator}</arg>
<arg>${value}</arg>
<doc>Types the given ``text`` into the text field identified by ``locator``.</doc>
<msg timestamp="20220809 17:43:44.055" level="INFO">Typing text 'Pass@0522' into text field 'xpath=//input[@id="txt_password"]'.</msg>
<status status="PASS" starttime="20220809 17:43:44.055" endtime="20220809 17:43:44.172"/>
</kw>
<status status="PASS" starttime="20220809 17:43:44.024" endtime="20220809 17:43:44.173"/>
</kw>
<status status="PASS" starttime="20220809 17:43:44.022" endtime="20220809 17:43:44.173"/>
</kw>
<kw name="Run Keyword If" library="BuiltIn">
<arg>'${data_test['remenber']}' == 'True'</arg>
<arg>Click Element</arg>
<arg>${CHK_REMEMBER}</arg>
<arg>ELSE</arg>
<arg>Log</arg>
<arg>False</arg>
<doc>Runs the given keyword with the given arguments, if ``condition`` is true.</doc>
<kw name="Click Element" library="Selenium2Library">
<arg>${CHK_REMEMBER}</arg>
<doc>Click the element identified by ``locator``.</doc>
<msg timestamp="20220809 17:43:44.175" level="INFO">Clicking element 'xpath=//div[@id="chkbx_remember"]/div/span[2]'.</msg>
<status status="PASS" starttime="20220809 17:43:44.175" endtime="20220809 17:43:44.251"/>
</kw>
<status status="PASS" starttime="20220809 17:43:44.173" endtime="20220809 17:43:44.252"/>
</kw>
<kw name="Click Element" library="Selenium2Library">
<arg>${BTN_LOGIN}</arg>
<doc>Click the element identified by ``locator``.</doc>
<msg timestamp="20220809 17:43:44.252" level="INFO">Clicking element 'xpath=//button[@id="btn_login"]'.</msg>
<status status="PASS" starttime="20220809 17:43:44.252" endtime="20220809 17:43:44.472"/>
</kw>
<status status="PASS" starttime="20220809 17:43:40.405" endtime="20220809 17:43:44.472"/>
</kw>
<kw name="Select_Menu_setting" library="Web_Keywords">
<kw name="Wait Until Element Is Visible" library="Selenium2Library">
<arg>${BTN_Profile}</arg>
<arg>${timeout}</arg>
<doc>Waits until the element ``locator`` is visible.</doc>
<status status="PASS" starttime="20220809 17:43:44.474" endtime="20220809 17:43:49.652"/>
</kw>
<kw name="Click Element" library="Selenium2Library">
<arg>${BTN_MENU}</arg>
<doc>Click the element identified by ``locator``.</doc>
<msg timestamp="20220809 17:43:49.652" level="INFO">Clicking element 'xpath=/html/body/div[3]/div[1]/div[1]/div/nav/div/a/div/div[1]/div/div[2]'.</msg>
<status status="PASS" starttime="20220809 17:43:49.652" endtime="20220809 17:43:49.776"/>
</kw>
<kw name="Sleep" library="BuiltIn">
<arg>2s</arg>
<doc>Pauses the test executed for the given time.</doc>
<msg timestamp="20220809 17:43:51.790" level="INFO">Slept 2 seconds</msg>
<status status="PASS" starttime="20220809 17:43:49.776" endtime="20220809 17:43:51.790"/>
</kw>
<kw name="Wait Until Element Is Visible" library="Selenium2Library">
<arg>${BTN_MENU_SETTING}</arg>
<arg>${timeout}</arg>
<doc>Waits until the element ``locator`` is visible.</doc>
<status status="PASS" starttime="20220809 17:43:51.790" endtime="20220809 17:43:51.822"/>
</kw>
<kw name="Click Element" library="Selenium2Library">
<arg>${BTN_MENU_SETTING}</arg>
<doc>Click the element identified by ``locator``.</doc>
<msg timestamp="20220809 17:43:51.822" level="INFO">Clicking element 'xpath=//span[contains(text(),'Settings')]/../img'.</msg>
<status status="PASS" starttime="20220809 17:43:51.822" endtime="20220809 17:43:51.920"/>
</kw>
<status status="PASS" starttime="20220809 17:43:44.473" endtime="20220809 17:43:51.920"/>
</kw>
<kw name="SubMenu_Role" library="Web_Keywords">
<arg>${data_test}</arg>
<kw name="Wait Until Element Is Visible" library="Selenium2Library">
<arg>${MENU_ROLE}</arg>
<arg>${timeout}</arg>
<doc>Waits until the element ``locator`` is visible.</doc>
<status status="PASS" starttime="20220809 17:43:51.923" endtime="20220809 17:43:52.035"/>
</kw>
<kw name="Click Element" library="Selenium2Library">
<arg>${MENU_ROLE}</arg>
<doc>Click the element identified by ``locator``.</doc>
<msg timestamp="20220809 17:43:52.037" level="INFO">Clicking element 'xpath=//li[@data-item-id="SETTING_ROLE"]'.</msg>
<status status="PASS" starttime="20220809 17:43:52.036" endtime="20220809 17:43:52.283"/>
</kw>
<kw name="Wait Until Element Is Visible" library="Selenium2Library">
<arg>${HEADER_MENU_ROLE}</arg>
<arg>${timeout}</arg>
<doc>Waits until the element ``locator`` is visible.</doc>
<status status="PASS" starttime="20220809 17:43:52.283" endtime="20220809 17:43:53.803"/>
</kw>
<kw name="Run Keyword If" library="BuiltIn">
<arg>'${data_test['method']}'=='add'</arg>
<arg>AddRole</arg>
<arg>${data_test}</arg>
<arg>ELSE IF</arg>
<arg>'${data_test['method']}'=='edit'</arg>
<arg>EditRole</arg>
<arg>${data_test}</arg>
<arg>ELSE</arg>
<arg>DeleteRole</arg>
<doc>Runs the given keyword with the given arguments, if ``condition`` is true.</doc>
<kw name="DeleteRole" library="Web_Keywords">
<kw name="Wait Until Element Is Visible" library="Selenium2Library">
<arg>xpath=//div[@id="gridContainer"]/div/div[6]/div[2]/table/tbody/tr[1]/td[1]/a[2]</arg>
<arg>${timeout}</arg>
<doc>Waits until the element ``locator`` is visible.</doc>
<status status="PASS" starttime="20220809 17:43:53.810" endtime="20220809 17:43:53.840"/>
</kw>
<kw name="Click Element" library="Selenium2Library">
<arg>xpath=//div[@id="gridContainer"]/div/div[6]/div[2]/table/tbody/tr[1]/td[1]/a[2]</arg>
<doc>Click the element identified by ``locator``.</doc>
<msg timestamp="20220809 17:43:53.841" level="INFO">Clicking element 'xpath=//div[@id="gridContainer"]/div/div[6]/div[2]/table/tbody/tr[1]/td[1]/a[2]'.</msg>
<status status="PASS" starttime="20220809 17:43:53.841" endtime="20220809 17:43:53.951"/>
</kw>
<kw name="Wait Until Element Is Visible" library="Selenium2Library">
<arg>xpath=//span[contains(text(),'ตกลง')]/../../div</arg>
<arg>${timeout}</arg>
<doc>Waits until the element ``locator`` is visible.</doc>
<status status="PASS" starttime="20220809 17:43:53.953" endtime="20220809 17:43:54.228"/>
</kw>
<kw name="Click Element" library="Selenium2Library">
<arg>xpath=//span[contains(text(),'ตกลง')]/../../div</arg>
<doc>Click the element identified by ``locator``.</doc>
<msg timestamp="20220809 17:43:54.229" level="INFO">Clicking element 'xpath=//span[contains(text(),'ตกลง')]/../../div'.</msg>
<status status="PASS" starttime="20220809 17:43:54.228" endtime="20220809 17:43:54.513"/>
</kw>
<kw name="Close Browser" library="Selenium2Library">
<doc>Closes the current browser.</doc>
<status status="PASS" starttime="20220809 17:43:54.513" endtime="20220809 17:43:57.057"/>
</kw>
<status status="PASS" starttime="20220809 17:43:53.809" endtime="20220809 17:43:57.057"/>
</kw>
<status status="PASS" starttime="20220809 17:43:53.804" endtime="20220809 17:43:57.057"/>
</kw>
<status status="PASS" starttime="20220809 17:43:51.921" endtime="20220809 17:43:57.057"/>
</kw>
<status status="PASS" starttime="20220809 17:43:40.405" endtime="20220809 17:43:57.057"/>
</kw>
<status status="PASS" starttime="20220809 17:43:40.405" endtime="20220809 17:43:57.057"/>
</kw>
<status status="PASS" starttime="20220809 17:43:40.129" endtime="20220809 17:43:57.057"/>
</kw>
<kw name="Close All Browsers" library="Selenium2Library" type="TEARDOWN">
<doc>Closes all open browsers and resets the browser cache.</doc>
<status status="PASS" starttime="20220809 17:43:57.057" endtime="20220809 17:43:57.064"/>
</kw>
<status status="PASS" starttime="20220809 17:42:48.446" endtime="20220809 17:43:57.066"/>
</test>
<status status="PASS" starttime="20220809 17:42:47.025" endtime="20220809 17:43:57.071"/>
</suite>
<statistics>
<total>
<stat pass="1" fail="0" skip="0">All Tests</stat>
</total>
<tag>
</tag>
<suite>
<stat pass="1" fail="0" skip="0" id="s1" name="PDPAManagement">PDPAManagement</stat>
</suite>
</statistics>
<errors>
</errors>
</robot>
